#
# A fatal error has been detected by the Java Runtime Environment:
#
#  EXCEPTION_ACCESS_VIOLATION (0xc0000005) at pc=0x00007ffa09b25f00, pid=5392, tid=5744
#
# JRE version: OpenJDK Runtime Environment (11.0.15) (build 11.0.15+0-b2043.56-8887301)
# Java VM: OpenJDK 64-Bit Server VM (11.0.15+0-b2043.56-8887301, mixed mode, tiered, compressed oops, g1 gc, windows-amd64)
# Problematic frame:
# V  [jvm.dll+0x125f00]
#
# No core dump will be written. Minidumps are not enabled by default on client versions of Windows
#
# If you would like to submit a bug report, please visit:
#   https://bugreport.java.com/bugreport/crash.jsp
#

---------------  S U M M A R Y ------------

Command Line: --add-opens=java.base/java.util=ALL-UNNAMED --add-opens=java.base/java.lang=ALL-UNNAMED --add-opens=java.base/java.lang.invoke=ALL-UNNAMED --add-opens=java.base/java.util=ALL-UNNAMED --add-opens=java.prefs/java.util.prefs=ALL-UNNAMED --add-opens=java.prefs/java.util.prefs=ALL-UNNAMED --add-opens=java.base/java.nio.charset=ALL-UNNAMED --add-opens=java.base/java.net=ALL-UNNAMED --add-opens=java.base/java.util.concurrent.atomic=ALL-UNNAMED -Xmx2048m -Dfile.encoding=UTF-8 -Duser.country=US -Duser.language=en -Duser.variant org.gradle.launcher.daemon.bootstrap.GradleDaemon 7.5

Host: Intel(R) Core(TM) i3-7100 CPU @ 3.90GHz, 4 cores, 11G,  Windows 10 , 64 bit Build 19041 (10.0.19041.2364)
Time: Wed Feb  1 16:59:30 2023 Bangladesh Standard Time elapsed time: 16.518535 seconds (0d 0h 0m 16s)

---------------  T H R E A D  ---------------

Current thread (0x0000014252814000):  JavaThread "C2 CompilerThread1" daemon [_thread_in_native, id=5744, stack(0x000000182dd00000,0x000000182de00000)]


Current CompileTask:
C2:  16518 12483   !   4       java.nio.file.FileTreeWalker::next (144 bytes)

Stack: [0x000000182dd00000,0x000000182de00000],  sp=0x000000182ddfc180,  free space=1008k
Native frames: (J=compiled Java code, j=interpreted, Vv=VM code, C=native code)
V  [jvm.dll+0x125f00]
V  [jvm.dll+0x125a45]
V  [jvm.dll+0x22146e]
V  [jvm.dll+0x220498]
V  [jvm.dll+0x19e851]
V  [jvm.dll+0x230479]
V  [jvm.dll+0x22e5ef]
V  [jvm.dll+0x794de1]
V  [jvm.dll+0x78dc24]
V  [jvm.dll+0x6400f6]
C  [ucrtbase.dll+0x21bb2]
C  [KERNEL32.DLL+0x17614]
C  [ntdll.dll+0x526a1]


siginfo: EXCEPTION_ACCESS_VIOLATION (0xc0000005), reading address 0x00007f7a0a2a00d8


Register to memory mapping:

RIP=0x00007ffa09b25f00 jvm.dll
RAX=0x00007f7a0a2a00b8 is an unknown value
RBX=0x0000000000000089 is an unknown value
RCX=0x0000014260751790 points into unknown readable memory: 0x00007f7a0a2a00b8 | b8 00 2a 0a 7a 7f 00 00
RDX=0x0000000000092492 is an unknown value
RSP=0x000000182ddfc180 is pointing into the stack for thread: 0x0000014252814000
RBP=0x0000014260751608 points into unknown readable memory: 0x00007ffa0a25b290 | 90 b2 25 0a fa 7f 00 00
RSI=0x0000014261f1ed38 points into unknown readable memory: 0x00007ffa0a2a49d8 | d8 49 2a 0a fa 7f 00 00
RDI=0x0000014260751790 points into unknown readable memory: 0x00007f7a0a2a00b8 | b8 00 2a 0a 7a 7f 00 00
R8 =0x000000000000000d is an unknown value
R9 =0x0 is NULL
R10=0x00007ffa5d990000 VCRUNTIME140.dll
R11=0x0000014261f1ed08 points into unknown readable memory: 0x0000014261f1ecd0 | d0 ec f1 61 42 01 00 00
R12=0x0000000000000002 is an unknown value
R13=0x000000182ddfc370 is pointing into the stack for thread: 0x0000014252814000
R14=0x0000014261f1ecd0 points into unknown readable memory: 0x00007ffa0a2a00b8 | b8 00 2a 0a fa 7f 00 00
R15=0x0000014260751608 points into unknown readable memory: 0x00007ffa0a25b290 | 90 b2 25 0a fa 7f 00 00


Registers:
RAX=0x00007f7a0a2a00b8, RBX=0x0000000000000089, RCX=0x0000014260751790, RDX=0x0000000000092492
RSP=0x000000182ddfc180, RBP=0x0000014260751608, RSI=0x0000014261f1ed38, RDI=0x0000014260751790
R8 =0x000000000000000d, R9 =0x0000000000000000, R10=0x00007ffa5d990000, R11=0x0000014261f1ed08
R12=0x0000000000000002, R13=0x000000182ddfc370, R14=0x0000014261f1ecd0, R15=0x0000014260751608
RIP=0x00007ffa09b25f00, EFLAGS=0x0000000000010246

Top of Stack: (sp=0x000000182ddfc180)
0x000000182ddfc180:   000000182ddfeb60 0000000000000001
0x000000182ddfc190:   0000000000000000 0000014261f1ed38
0x000000182ddfc1a0:   000001425e97e028 0000000000000000
0x000000182ddfc1b0:   00000142528f6960 0000014252900d30
0x000000182ddfc1c0:   00000142528f5a00 0000014252883750
0x000000182ddfc1d0:   00007ffa0a32c7f8 0000014252883750
0x000000182ddfc1e0:   0000014200000100 0000014261e30050
0x000000182ddfc1f0:   0000014258d240f0 000000182ddfc5a0
0x000000182ddfc200:   0000014252883750 0000014258d2c0d8
0x000000182ddfc210:   0000014258d255e0 000000182ddfc370
0x000000182ddfc220:   000001425e97e088 00007ffa09b25a45
0x000000182ddfc230:   0000014200000089 00000142528aaa50
0x000000182ddfc240:   00000142528aaa50 00000142528aaa50
0x000000182ddfc250:   0000000000000000 000000000000001d
0x000000182ddfc260:   0000000000000008 00007ffa0a2a3ca8
0x000000182ddfc270:   00000142528aaa50 00007ffa09c2146e 

Instructions: (pc=0x00007ffa09b25f00)
0x00007ffa09b25e00:   47 20 65 48 8b 04 25 58 00 00 00 bf 10 00 00 00
0x00007ffa09b25e10:   4a 8b 1c e0 80 3c 3b 00 75 05 e8 25 f6 6d 00 4d
0x00007ffa09b25e20:   8b 4e 08 49 8b 0c e9 48 85 c9 74 2a 4c 8b 41 10
0x00007ffa09b25e30:   4d 85 c0 74 21 8b 41 20 49 8d 14 c0 0f 1f 40 00
0x00007ffa09b25e40:   4c 39 72 f8 48 8d 52 f8 75 f6 ff c8 89 41 20 49
0x00007ffa09b25e50:   8b 0c c0 48 89 0a 4d 89 3c e9 49 8b 4f 10 48 85
0x00007ffa09b25e60:   c9 74 24 41 8b 47 20 41 3b 47 24 75 12 8b d0 49
0x00007ffa09b25e70:   8b cf e8 39 96 4f 00 41 8b 47 20 49 8b 4f 10 4c
0x00007ffa09b25e80:   89 34 c1 41 ff 47 20 80 3c 3b 00 75 05 e8 b2 f5
0x00007ffa09b25e90:   6d 00 8b 9c 24 b0 00 00 00 49 8b ff 41 8b 47 28
0x00007ffa09b25ea0:   8b d0 c1 ea 05 3b 54 24 60 72 11 8b d0 48 8d 4c
0x00007ffa09b25eb0:   24 50 48 8b 44 24 50 ff 50 18 eb 34 83 e0 1f 44
0x00007ffa09b25ec0:   8b c2 0f b6 c8 41 b9 01 00 00 00 41 d3 e1 48 8b
0x00007ffa09b25ed0:   4c 24 68 41 8b c1 8b 14 91 0b c2 42 89 04 81 44
0x00007ffa09b25ee0:   23 ca 0f 85 98 04 00 00 0f 1f 84 00 00 00 00 00
0x00007ffa09b25ef0:   48 8b 47 08 48 8b ef 48 8b 38 48 8b cf 48 8b 07
0x00007ffa09b25f00:   ff 50 20 8b 4f 2c 48 85 c0 75 1f 8b c1 24 3f 3c
0x00007ffa09b25f10:   20 75 09 48 8b 47 08 48 3b 38 eb 07 8b c1 83 e0
0x00007ffa09b25f20:   0f 3c 09 0f 94 c0 84 c0 74 c6 8b c1 24 3f 3c 20
0x00007ffa09b25f30:   75 09 48 8b 47 08 48 3b 38 eb 06 83 e1 0f 80 f9
0x00007ffa09b25f40:   09 0f 94 c0 84 c0 0f 85 4d 01 00 00 65 48 8b 04
0x00007ffa09b25f50:   25 58 00 00 00 41 be 10 00 00 00 4a 8b 34 e0 42
0x00007ffa09b25f60:   80 3c 36 00 75 05 e8 d9 f4 6d 00 b8 08 00 00 00
0x00007ffa09b25f70:   48 8b 04 06 48 8b 88 e8 04 00 00 48 8b 99 80 00
0x00007ffa09b25f80:   00 00 48 81 c3 00 02 00 00 48 8b 43 18 48 83 f8
0x00007ffa09b25f90:   c7 76 18 4c 8d 05 e6 13 6f 00 ba 38 00 00 00 48
0x00007ffa09b25fa0:   8b cb e8 d9 c3 f9 ff 48 8b 43 18 48 8d 48 38 48
0x00007ffa09b25fb0:   3b 4b 20 76 11 45 33 c0 48 8b cb 41 8d 50 38 e8
0x00007ffa09b25fc0:   0c c0 f9 ff eb 04 48 89 4b 18 48 85 c0 74 12 ba
0x00007ffa09b25fd0:   02 00 00 00 48 8b c8 e8 34 63 fa ff 48 8b d8 eb
0x00007ffa09b25fe0:   02 33 db 48 8b 43 08 48 89 78 08 48 8b 4f 10 48
0x00007ffa09b25ff0:   85 c9 74 20 8b 47 20 3b 47 24 75 11 8b d0 48 8b 


Stack slot to memory mapping:
stack at sp + 0 slots: 0x000000182ddfeb60 is pointing into the stack for thread: 0x0000014252814000
stack at sp + 1 slots: 0x0000000000000001 is an unknown value
stack at sp + 2 slots: 0x0 is NULL
stack at sp + 3 slots: 0x0000014261f1ed38 points into unknown readable memory: 0x00007ffa0a2a49d8 | d8 49 2a 0a fa 7f 00 00
stack at sp + 4 slots: 0x000001425e97e028 points into unknown readable memory: 0x00007ffa0a2a49f0 | f0 49 2a 0a fa 7f 00 00
stack at sp + 5 slots: 0x0 is NULL
stack at sp + 6 slots: 0x00000142528f6960 points into unknown readable memory: 0x0000014261f1ecd0 | d0 ec f1 61 42 01 00 00
stack at sp + 7 slots: 0x0000014252900d30 points into unknown readable memory: 0x0000000000000000 | 00 00 00 00 00 00 00 00


---------------  P R O C E S S  ---------------

Threads class SMR info:
_java_thread_list=0x00000142586ba580, length=86, elements={
0x0000014236171000, 0x0000014251d52800, 0x0000014251d54000, 0x0000014251d55800,
0x00000142525b5800, 0x00000142525ba000, 0x00000142525be000, 0x00000142525ca800,
0x00000142525ce000, 0x000001425272a800, 0x0000014252814000, 0x0000014254060000,
0x00000142545ec800, 0x0000014254cf6000, 0x0000014253958800, 0x0000014254479800,
0x0000014253815000, 0x0000014253816000, 0x00000142548d9800, 0x00000142548d6800,
0x00000142548d5800, 0x000001425497f000, 0x0000014254980000, 0x0000014254980800,
0x0000014254981800, 0x000001425497e000, 0x0000014254984000, 0x0000014254983000,
0x0000014254982000, 0x0000014254984800, 0x0000014254d93000, 0x0000014254d96000,
0x0000014254d91800, 0x0000014254d97000, 0x0000014254d98000, 0x0000014254d92000,
0x0000014254d94800, 0x0000014254d9b000, 0x0000014254d95800, 0x0000014254d9c800,
0x0000014254d9c000, 0x0000014254d9e800, 0x0000014254d9d800, 0x0000014254d9f000,
0x0000014254da0000, 0x0000014256f35000, 0x0000014256f30000, 0x0000014256f32800,
0x0000014256f35800, 0x0000014256f34000, 0x0000014256f31800, 0x0000014256f33000,
0x0000014256f36800, 0x0000014256f30800, 0x0000014256f39000, 0x0000014256f3c000,
0x0000014256f3d000, 0x0000014256f39800, 0x0000014256f38000, 0x0000014256f3a800,
0x0000014256f3b800, 0x0000014256f37800, 0x0000014256f3e000, 0x0000014256f3e800,
0x00000142569dc000, 0x00000142569d8800, 0x00000142569dd800, 0x00000142569de000,
0x00000142569d9800, 0x00000142569dc800, 0x00000142569db000, 0x00000142569df000,
0x00000142569e0000, 0x00000142569da000, 0x00000142569e5000, 0x00000142569e6800,
0x00000142569e0800, 0x00000142569e5800, 0x00000142569e2800, 0x00000142569e3000,
0x00000142569e4000, 0x00000142569e1800, 0x00000142552aa000, 0x00000142552a5000,
0x00000142552a9800, 0x00000142552a7000
}

Java Threads: ( => current thread )
  0x0000014236171000 JavaThread "main" [_thread_blocked, id=4392, stack(0x000000182cc00000,0x000000182cd00000)]
  0x0000014251d52800 JavaThread "Reference Handler" daemon [_thread_blocked, id=5616, stack(0x000000182d300000,0x000000182d400000)]
  0x0000014251d54000 JavaThread "Finalizer" daemon [_thread_blocked, id=7068, stack(0x000000182d400000,0x000000182d500000)]
  0x0000014251d55800 JavaThread "Signal Dispatcher" daemon [_thread_blocked, id=10260, stack(0x000000182d500000,0x000000182d600000)]
  0x00000142525b5800 JavaThread "Attach Listener" daemon [_thread_blocked, id=7428, stack(0x000000182d600000,0x000000182d700000)]
  0x00000142525ba000 JavaThread "Service Thread" daemon [_thread_blocked, id=10964, stack(0x000000182d700000,0x000000182d800000)]
  0x00000142525be000 JavaThread "C2 CompilerThread0" daemon [_thread_in_vm, id=7000, stack(0x000000182d800000,0x000000182d900000)]
  0x00000142525ca800 JavaThread "C1 CompilerThread0" daemon [_thread_blocked, id=3452, stack(0x000000182d900000,0x000000182da00000)]
  0x00000142525ce000 JavaThread "Sweeper thread" daemon [_thread_blocked, id=5244, stack(0x000000182da00000,0x000000182db00000)]
  0x000001425272a800 JavaThread "Common-Cleaner" daemon [_thread_blocked, id=4908, stack(0x000000182db00000,0x000000182dc00000)]
=>0x0000014252814000 JavaThread "C2 CompilerThread1" daemon [_thread_in_native, id=5744, stack(0x000000182dd00000,0x000000182de00000)]
  0x0000014254060000 JavaThread "Daemon health stats" [_thread_blocked, id=10736, stack(0x000000182e100000,0x000000182e200000)]
  0x00000142545ec800 JavaThread "Incoming local TCP Connector on port 50270" [_thread_in_native, id=10468, stack(0x000000182e200000,0x000000182e300000)]
  0x0000014254cf6000 JavaThread "Daemon periodic checks" [_thread_blocked, id=6920, stack(0x000000182e300000,0x000000182e400000)]
  0x0000014253958800 JavaThread "Daemon" [_thread_blocked, id=10268, stack(0x000000182e400000,0x000000182e500000)]
  0x0000014254479800 JavaThread "Handler for socket connection from /127.0.0.1:50270 to /127.0.0.1:50271" [_thread_in_native, id=1180, stack(0x000000182e500000,0x000000182e600000)]
  0x0000014253815000 JavaThread "Cancel handler" [_thread_blocked, id=3736, stack(0x000000182e600000,0x000000182e700000)]
  0x0000014253816000 JavaThread "Daemon worker" [_thread_in_Java, id=11688, stack(0x000000182e700000,0x000000182e800000)]
  0x00000142548d9800 JavaThread "Asynchronous log dispatcher for DefaultDaemonConnection: socket connection from /127.0.0.1:50270 to /127.0.0.1:50271" [_thread_blocked, id=11804, stack(0x000000182e800000,0x000000182e900000)]
  0x00000142548d6800 JavaThread "Stdin handler" [_thread_blocked, id=11768, stack(0x000000182e900000,0x000000182ea00000)]
  0x00000142548d5800 JavaThread "Daemon client event forwarder" [_thread_blocked, id=6644, stack(0x000000182ea00000,0x000000182eb00000)]
  0x000001425497f000 JavaThread "Cache worker for journal cache (C:\Users\Administrator\.gradle\caches\journal-1)" [_thread_blocked, id=10400, stack(0x000000182eb00000,0x000000182ec00000)]
  0x0000014254980000 JavaThread "File lock request listener" [_thread_in_native, id=3116, stack(0x000000182ec00000,0x000000182ed00000)]
  0x0000014254980800 JavaThread "Cache worker for file hash cache (C:\Users\Administrator\.gradle\caches\7.5\fileHashes)" [_thread_blocked, id=8232, stack(0x000000182ed00000,0x000000182ee00000)]
  0x0000014254981800 JavaThread "File watcher server" daemon [_thread_in_native, id=3484, stack(0x000000182ee00000,0x000000182ef00000)]
  0x000001425497e000 JavaThread "File watcher consumer" daemon [_thread_blocked, id=3456, stack(0x000000182ef00000,0x000000182f000000)]
  0x0000014254984000 JavaThread "jar transforms" [_thread_blocked, id=6984, stack(0x000000182f000000,0x000000182f100000)]
  0x0000014254983000 JavaThread "jar transforms Thread 2" [_thread_blocked, id=1860, stack(0x000000182f100000,0x000000182f200000)]
  0x0000014254982000 JavaThread "jar transforms Thread 3" [_thread_blocked, id=3696, stack(0x000000182f200000,0x000000182f300000)]
  0x0000014254984800 JavaThread "jar transforms Thread 4" [_thread_blocked, id=2456, stack(0x000000182f300000,0x000000182f400000)]
  0x0000014254d93000 JavaThread "Cache worker for checksums cache (P:\ViewPager\.gradle\7.5\checksums)" [_thread_blocked, id=2136, stack(0x000000182f400000,0x000000182f500000)]
  0x0000014254d96000 JavaThread "Cache worker for cache directory md-rule (C:\Users\Administrator\.gradle\caches\7.5\md-rule)" [_thread_blocked, id=9496, stack(0x000000182f500000,0x000000182f600000)]
  0x0000014254d91800 JavaThread "Cache worker for file content cache (C:\Users\Administrator\.gradle\caches\7.5\fileContent)" [_thread_blocked, id=5992, stack(0x000000182f600000,0x000000182f700000)]
  0x0000014254d97000 JavaThread "Cache worker for file hash cache (P:\ViewPager\.gradle\7.5\fileHashes)" [_thread_blocked, id=368, stack(0x000000182f700000,0x000000182f800000)]
  0x0000014254d98000 JavaThread "Cache worker for cache directory md-supplier (C:\Users\Administrator\.gradle\caches\7.5\md-supplier)" [_thread_blocked, id=12156, stack(0x000000182f800000,0x000000182f900000)]
  0x0000014254d92000 JavaThread "Cache worker for execution history cache (C:\Users\Administrator\.gradle\caches\7.5\executionHistory)" [_thread_blocked, id=7972, stack(0x000000182f900000,0x000000182fa00000)]
  0x0000014254d94800 JavaThread "Cache worker for dependencies-accessors (P:\ViewPager\.gradle\7.5\dependencies-accessors)" [_thread_blocked, id=3224, stack(0x000000182fa00000,0x000000182fb00000)]
  0x0000014254d9b000 JavaThread "Cache worker for Build Output Cleanup Cache (P:\ViewPager\.gradle\buildOutputCleanup)" [_thread_blocked, id=4160, stack(0x000000182fb00000,0x000000182fc00000)]
  0x0000014254d95800 JavaThread "Unconstrained build operations" [_thread_blocked, id=8792, stack(0x000000182fd00000,0x000000182fe00000)]
  0x0000014254d9c800 JavaThread "Unconstrained build operations Thread 2" [_thread_blocked, id=2224, stack(0x000000182fe00000,0x000000182ff00000)]
  0x0000014254d9c000 JavaThread "Unconstrained build operations Thread 3" [_thread_blocked, id=11744, stack(0x000000182ff00000,0x0000001830000000)]
  0x0000014254d9e800 JavaThread "Unconstrained build operations Thread 4" [_thread_blocked, id=1304, stack(0x0000001830000000,0x0000001830100000)]
  0x0000014254d9d800 JavaThread "Unconstrained build operations Thread 5" [_thread_blocked, id=980, stack(0x0000001830100000,0x0000001830200000)]
  0x0000014254d9f000 JavaThread "Unconstrained build operations Thread 6" [_thread_blocked, id=2076, stack(0x0000001830200000,0x0000001830300000)]
  0x0000014254da0000 JavaThread "Unconstrained build operations Thread 7" [_thread_blocked, id=5568, stack(0x0000001830300000,0x0000001830400000)]
  0x0000014256f35000 JavaThread "Unconstrained build operations Thread 8" [_thread_blocked, id=920, stack(0x0000001830400000,0x0000001830500000)]
  0x0000014256f30000 JavaThread "Unconstrained build operations Thread 9" [_thread_blocked, id=11660, stack(0x0000001830500000,0x0000001830600000)]
  0x0000014256f32800 JavaThread "Unconstrained build operations Thread 10" [_thread_blocked, id=7416, stack(0x0000001830600000,0x0000001830700000)]
  0x0000014256f35800 JavaThread "Unconstrained build operations Thread 11" [_thread_blocked, id=6316, stack(0x0000001830700000,0x0000001830800000)]
  0x0000014256f34000 JavaThread "Unconstrained build operations Thread 12" [_thread_blocked, id=5968, stack(0x0000001830800000,0x0000001830900000)]
  0x0000014256f31800 JavaThread "Unconstrained build operations Thread 13" [_thread_blocked, id=2012, stack(0x0000001830900000,0x0000001830a00000)]
  0x0000014256f33000 JavaThread "Unconstrained build operations Thread 14" [_thread_blocked, id=6912, stack(0x0000001830a00000,0x0000001830b00000)]
  0x0000014256f36800 JavaThread "Unconstrained build operations Thread 15" [_thread_blocked, id=5268, stack(0x0000001830b00000,0x0000001830c00000)]
  0x0000014256f30800 JavaThread "Unconstrained build operations Thread 16" [_thread_blocked, id=9880, stack(0x0000001830c00000,0x0000001830d00000)]
  0x0000014256f39000 JavaThread "Unconstrained build operations Thread 17" [_thread_blocked, id=8068, stack(0x0000001830d00000,0x0000001830e00000)]
  0x0000014256f3c000 JavaThread "Unconstrained build operations Thread 18" [_thread_blocked, id=11648, stack(0x0000001830e00000,0x0000001830f00000)]
  0x0000014256f3d000 JavaThread "Unconstrained build operations Thread 19" [_thread_blocked, id=10460, stack(0x0000001830f00000,0x0000001831000000)]
  0x0000014256f39800 JavaThread "Unconstrained build operations Thread 20" [_thread_blocked, id=8112, stack(0x0000001831000000,0x0000001831100000)]
  0x0000014256f38000 JavaThread "Unconstrained build operations Thread 21" [_thread_blocked, id=2284, stack(0x0000001831100000,0x0000001831200000)]
  0x0000014256f3a800 JavaThread "Unconstrained build operations Thread 22" [_thread_blocked, id=11656, stack(0x0000001831200000,0x0000001831300000)]
  0x0000014256f3b800 JavaThread "Unconstrained build operations Thread 23" [_thread_blocked, id=7488, stack(0x0000001831300000,0x0000001831400000)]
  0x0000014256f37800 JavaThread "Unconstrained build operations Thread 24" [_thread_blocked, id=9160, stack(0x0000001831400000,0x0000001831500000)]
  0x0000014256f3e000 JavaThread "Unconstrained build operations Thread 25" [_thread_blocked, id=2580, stack(0x0000001831500000,0x0000001831600000)]
  0x0000014256f3e800 JavaThread "Unconstrained build operations Thread 26" [_thread_blocked, id=2632, stack(0x0000001831600000,0x0000001831700000)]
  0x00000142569dc000 JavaThread "Unconstrained build operations Thread 27" [_thread_blocked, id=10088, stack(0x0000001831700000,0x0000001831800000)]
  0x00000142569d8800 JavaThread "Unconstrained build operations Thread 28" [_thread_blocked, id=3472, stack(0x0000001831800000,0x0000001831900000)]
  0x00000142569dd800 JavaThread "Unconstrained build operations Thread 29" [_thread_blocked, id=1676, stack(0x0000001831900000,0x0000001831a00000)]
  0x00000142569de000 JavaThread "Unconstrained build operations Thread 30" [_thread_blocked, id=11612, stack(0x0000001831a00000,0x0000001831b00000)]
  0x00000142569d9800 JavaThread "Unconstrained build operations Thread 31" [_thread_blocked, id=9972, stack(0x0000001831b00000,0x0000001831c00000)]
  0x00000142569dc800 JavaThread "Unconstrained build operations Thread 32" [_thread_blocked, id=3288, stack(0x0000001831c00000,0x0000001831d00000)]
  0x00000142569db000 JavaThread "Unconstrained build operations Thread 33" [_thread_blocked, id=5052, stack(0x0000001831d00000,0x0000001831e00000)]
  0x00000142569df000 JavaThread "Unconstrained build operations Thread 34" [_thread_blocked, id=8168, stack(0x0000001831e00000,0x0000001831f00000)]
  0x00000142569e0000 JavaThread "Unconstrained build operations Thread 35" [_thread_blocked, id=3836, stack(0x0000001831f00000,0x0000001832000000)]
  0x00000142569da000 JavaThread "Unconstrained build operations Thread 36" [_thread_blocked, id=1684, stack(0x0000001832000000,0x0000001832100000)]
  0x00000142569e5000 JavaThread "Unconstrained build operations Thread 37" [_thread_blocked, id=8780, stack(0x0000001832100000,0x0000001832200000)]
  0x00000142569e6800 JavaThread "Unconstrained build operations Thread 38" [_thread_blocked, id=2624, stack(0x0000001832200000,0x0000001832300000)]
  0x00000142569e0800 JavaThread "Unconstrained build operations Thread 39" [_thread_blocked, id=2744, stack(0x0000001832300000,0x0000001832400000)]
  0x00000142569e5800 JavaThread "Unconstrained build operations Thread 40" [_thread_blocked, id=2768, stack(0x0000001832400000,0x0000001832500000)]
  0x00000142569e2800 JavaThread "Memory manager" [_thread_blocked, id=4276, stack(0x0000001832500000,0x0000001832600000)]
  0x00000142569e3000 JavaThread "pool-3-thread-1" [_thread_blocked, id=10272, stack(0x0000001832600000,0x0000001832700000)]
  0x00000142569e4000 JavaThread "included builds" [_thread_blocked, id=7684, stack(0x0000001832700000,0x0000001832800000)]
  0x00000142569e1800 JavaThread "Execution worker" [_thread_blocked, id=7264, stack(0x0000001832800000,0x0000001832900000)]
  0x00000142552aa000 JavaThread "Execution worker Thread 2" [_thread_blocked, id=2856, stack(0x0000001832900000,0x0000001832a00000)]
  0x00000142552a5000 JavaThread "Execution worker Thread 3" [_thread_blocked, id=2524, stack(0x0000001832a00000,0x0000001832b00000)]
  0x00000142552a9800 JavaThread "Cache worker for execution history cache (P:\ViewPager\.gradle\7.5\executionHistory)" [_thread_blocked, id=964, stack(0x0000001832b00000,0x0000001832c00000)]
  0x00000142552a7000 JavaThread "idea-tooling-model-converter" [_thread_blocked, id=10228, stack(0x0000001832c00000,0x0000001832d00000)]

Other Threads:
  0x0000014252566000 VMThread "VM Thread" [stack: 0x000000182d200000,0x000000182d300000] [id=552]
  0x000001425274e000 WatcherThread [stack: 0x000000182dc00000,0x000000182dd00000] [id=1720]
  0x000001423618c000 GCTaskThread "GC Thread#0" [stack: 0x000000182cd00000,0x000000182ce00000] [id=12064]
  0x0000014252dd5800 GCTaskThread "GC Thread#1" [stack: 0x000000182de00000,0x000000182df00000] [id=3872]
  0x0000014252dd6000 GCTaskThread "GC Thread#2" [stack: 0x000000182df00000,0x000000182e000000] [id=6636]
  0x00000142532d8800 GCTaskThread "GC Thread#3" [stack: 0x000000182e000000,0x000000182e100000] [id=6856]
  0x00000142361bd000 ConcurrentGCThread "G1 Main Marker" [stack: 0x000000182ce00000,0x000000182cf00000] [id=12072]
  0x00000142361be000 ConcurrentGCThread "G1 Conc#0" [stack: 0x000000182cf00000,0x000000182d000000] [id=3428]
  0x000001423624e000 ConcurrentGCThread "G1 Refine#0" [stack: 0x000000182d000000,0x000000182d100000] [id=3400]
  0x0000014251b98800 ConcurrentGCThread "G1 Young RemSet Sampling" [stack: 0x000000182d100000,0x000000182d200000] [id=1876]

Threads with active compile tasks:
C2 CompilerThread0    16555 12495       4       java.nio.ByteBuffer::position (6 bytes)
C2 CompilerThread1    16555 12483   !   4       java.nio.file.FileTreeWalker::next (144 bytes)

VM state:at safepoint (normal execution)

VM Mutex/Monitor currently owned by a thread:  ([mutex/lock_event])
[0x000001423616e4a0] Threads_lock - owner thread: 0x0000014252566000
[0x000001423616dba0] Heap_lock - owner thread: 0x00000142361bd000

Heap address: 0x0000000080000000, size: 2048 MB, Compressed Oops mode: 32-bit
Narrow klass base: 0x0000000000000000, Narrow klass shift: 3
Compressed class space size: 1073741824 Address: 0x0000000100000000

Heap:
 garbage-first heap   total 284672K, used 201619K [0x0000000080000000, 0x0000000100000000)
  region size 1024K, 14 young (14336K), 4 survivors (4096K)
 Metaspace       used 111701K, capacity 114511K, committed 114724K, reserved 1148928K
  class space    used 14150K, capacity 15181K, committed 15308K, reserved 1048576K
Heap Regions: E=young(eden), S=young(survivor), O=old, HS=humongous(starts), HC=humongous(continues), CS=collection set, F=free, A=archive, TAMS=top-at-mark-start (previous, next)
|   0|0x0000000080000000, 0x0000000080100000, 0x0000000080100000|100%|HS|  |TAMS 0x0000000080100000, 0x0000000080100000| Complete 
|   1|0x0000000080100000, 0x0000000080200000, 0x0000000080200000|100%|HC|  |TAMS 0x0000000080200000, 0x0000000080200000| Complete 
|   2|0x0000000080200000, 0x0000000080300000, 0x0000000080300000|100%|HC|  |TAMS 0x0000000080300000, 0x0000000080300000| Complete 
|   3|0x0000000080300000, 0x0000000080400000, 0x0000000080400000|100%| O|  |TAMS 0x0000000080400000, 0x0000000080400000| Untracked 
|   4|0x0000000080400000, 0x0000000080500000, 0x0000000080500000|100%| O|  |TAMS 0x0000000080500000, 0x0000000080500000| Untracked 
|   5|0x0000000080500000, 0x0000000080600000, 0x0000000080600000|100%| O|  |TAMS 0x0000000080600000, 0x0000000080600000| Untracked 
|   6|0x0000000080600000, 0x0000000080700000, 0x0000000080700000|100%| O|  |TAMS 0x0000000080700000, 0x0000000080700000| Untracked 
|   7|0x0000000080700000, 0x0000000080800000, 0x0000000080800000|100%| O|  |TAMS 0x0000000080800000, 0x0000000080800000| Untracked 
|   8|0x0000000080800000, 0x0000000080900000, 0x0000000080900000|100%| O|  |TAMS 0x0000000080900000, 0x0000000080900000| Untracked 
|   9|0x0000000080900000, 0x0000000080a00000, 0x0000000080a00000|100%| O|  |TAMS 0x0000000080a00000, 0x0000000080a00000| Untracked 
|  10|0x0000000080a00000, 0x0000000080b00000, 0x0000000080b00000|100%| O|  |TAMS 0x0000000080b00000, 0x0000000080b00000| Untracked 
|  11|0x0000000080b00000, 0x0000000080c00000, 0x0000000080c00000|100%| O|  |TAMS 0x0000000080c00000, 0x0000000080c00000| Untracked 
|  12|0x0000000080c00000, 0x0000000080d00000, 0x0000000080d00000|100%| O|  |TAMS 0x0000000080d00000, 0x0000000080d00000| Untracked 
|  13|0x0000000080d00000, 0x0000000080e00000, 0x0000000080e00000|100%| O|  |TAMS 0x0000000080e00000, 0x0000000080e00000| Untracked 
|  14|0x0000000080e00000, 0x0000000080f00000, 0x0000000080f00000|100%| O|  |TAMS 0x0000000080f00000, 0x0000000080f00000| Untracked 
|  15|0x0000000080f00000, 0x0000000081000000, 0x0000000081000000|100%| O|  |TAMS 0x0000000081000000, 0x0000000081000000| Untracked 
|  16|0x0000000081000000, 0x0000000081100000, 0x0000000081100000|100%| O|  |TAMS 0x0000000081100000, 0x0000000081100000| Untracked 
|  17|0x0000000081100000, 0x0000000081200000, 0x0000000081200000|100%|HS|  |TAMS 0x0000000081200000, 0x0000000081200000| Complete 
|  18|0x0000000081200000, 0x0000000081300000, 0x0000000081300000|100%|HC|  |TAMS 0x0000000081300000, 0x0000000081300000| Complete 
|  19|0x0000000081300000, 0x0000000081400000, 0x0000000081400000|100%|HS|  |TAMS 0x0000000081400000, 0x0000000081400000| Complete 
|  20|0x0000000081400000, 0x0000000081500000, 0x0000000081500000|100%|HC|  |TAMS 0x0000000081500000, 0x0000000081500000| Complete 
|  21|0x0000000081500000, 0x0000000081600000, 0x0000000081600000|100%|HC|  |TAMS 0x0000000081600000, 0x0000000081600000| Complete 
|  22|0x0000000081600000, 0x0000000081700000, 0x0000000081700000|100%|HS|  |TAMS 0x0000000081700000, 0x0000000081700000| Complete 
|  23|0x0000000081700000, 0x0000000081800000, 0x0000000081800000|100%|HC|  |TAMS 0x0000000081800000, 0x0000000081800000| Complete 
|  24|0x0000000081800000, 0x0000000081900000, 0x0000000081900000|100%|HC|  |TAMS 0x0000000081900000, 0x0000000081900000| Complete 
|  25|0x0000000081900000, 0x0000000081a00000, 0x0000000081a00000|100%|HS|  |TAMS 0x0000000081a00000, 0x0000000081a00000| Complete 
|  26|0x0000000081a00000, 0x0000000081b00000, 0x0000000081b00000|100%|HC|  |TAMS 0x0000000081b00000, 0x0000000081b00000| Complete 
|  27|0x0000000081b00000, 0x0000000081c00000, 0x0000000081c00000|100%|HS|  |TAMS 0x0000000081c00000, 0x0000000081c00000| Complete 
|  28|0x0000000081c00000, 0x0000000081d00000, 0x0000000081d00000|100%|HC|  |TAMS 0x0000000081d00000, 0x0000000081d00000| Complete 
|  29|0x0000000081d00000, 0x0000000081e00000, 0x0000000081e00000|100%|HC|  |TAMS 0x0000000081e00000, 0x0000000081e00000| Complete 
|  30|0x0000000081e00000, 0x0000000081f00000, 0x0000000081f00000|100%|HC|  |TAMS 0x0000000081f00000, 0x0000000081f00000| Complete 
|  31|0x0000000081f00000, 0x0000000082000000, 0x0000000082000000|100%|HC|  |TAMS 0x0000000082000000, 0x0000000082000000| Complete 
|  32|0x0000000082000000, 0x0000000082100000, 0x0000000082100000|100%|HC|  |TAMS 0x0000000082100000, 0x0000000082100000| Complete 
|  33|0x0000000082100000, 0x0000000082200000, 0x0000000082200000|100%|HC|  |TAMS 0x0000000082200000, 0x0000000082200000| Complete 
|  34|0x0000000082200000, 0x0000000082300000, 0x0000000082300000|100%|HC|  |TAMS 0x0000000082300000, 0x0000000082300000| Complete 
|  35|0x0000000082300000, 0x0000000082400000, 0x0000000082400000|100%|HC|  |TAMS 0x0000000082400000, 0x0000000082400000| Complete 
|  36|0x0000000082400000, 0x0000000082500000, 0x0000000082500000|100%|HC|  |TAMS 0x0000000082500000, 0x0000000082500000| Complete 
|  37|0x0000000082500000, 0x0000000082600000, 0x0000000082600000|100%|HS|  |TAMS 0x0000000082600000, 0x0000000082600000| Complete 
|  38|0x0000000082600000, 0x0000000082700000, 0x0000000082700000|100%|HC|  |TAMS 0x0000000082700000, 0x0000000082700000| Complete 
|  39|0x0000000082700000, 0x0000000082800000, 0x0000000082800000|100%|HS|  |TAMS 0x0000000082800000, 0x0000000082800000| Complete 
|  40|0x0000000082800000, 0x0000000082900000, 0x0000000082900000|100%|HC|  |TAMS 0x0000000082900000, 0x0000000082900000| Complete 
|  41|0x0000000082900000, 0x0000000082a00000, 0x0000000082a00000|100%|HC|  |TAMS 0x0000000082a00000, 0x0000000082a00000| Complete 
|  42|0x0000000082a00000, 0x0000000082b00000, 0x0000000082b00000|100%|HC|  |TAMS 0x0000000082b00000, 0x0000000082b00000| Complete 
|  43|0x0000000082b00000, 0x0000000082c00000, 0x0000000082c00000|100%|HC|  |TAMS 0x0000000082c00000, 0x0000000082c00000| Complete 
|  44|0x0000000082c00000, 0x0000000082d00000, 0x0000000082d00000|100%| O|  |TAMS 0x0000000082d00000, 0x0000000082d00000| Untracked 
|  45|0x0000000082d00000, 0x0000000082e00000, 0x0000000082e00000|100%| O|  |TAMS 0x0000000082e00000, 0x0000000082e00000| Untracked 
|  46|0x0000000082e00000, 0x0000000082f00000, 0x0000000082f00000|100%| O|  |TAMS 0x0000000082f00000, 0x0000000082f00000| Untracked 
|  47|0x0000000082f00000, 0x0000000083000000, 0x0000000083000000|100%| O|  |TAMS 0x0000000083000000, 0x0000000083000000| Untracked 
|  48|0x0000000083000000, 0x0000000083100000, 0x0000000083100000|100%| O|  |TAMS 0x0000000083100000, 0x0000000083100000| Untracked 
|  49|0x0000000083100000, 0x0000000083200000, 0x0000000083200000|100%| O|  |TAMS 0x0000000083200000, 0x0000000083200000| Untracked 
|  50|0x0000000083200000, 0x0000000083300000, 0x0000000083300000|100%| O|  |TAMS 0x0000000083300000, 0x0000000083300000| Untracked 
|  51|0x0000000083300000, 0x0000000083400000, 0x0000000083400000|100%| O|  |TAMS 0x0000000083400000, 0x0000000083400000| Untracked 
|  52|0x0000000083400000, 0x0000000083500000, 0x0000000083500000|100%|HS|  |TAMS 0x0000000083500000, 0x0000000083500000| Complete 
|  53|0x0000000083500000, 0x0000000083600000, 0x0000000083600000|100%|HC|  |TAMS 0x0000000083600000, 0x0000000083600000| Complete 
|  54|0x0000000083600000, 0x0000000083700000, 0x0000000083700000|100%|HC|  |TAMS 0x0000000083700000, 0x0000000083700000| Complete 
|  55|0x0000000083700000, 0x0000000083800000, 0x0000000083800000|100%|HC|  |TAMS 0x0000000083800000, 0x0000000083800000| Complete 
|  56|0x0000000083800000, 0x0000000083900000, 0x0000000083900000|100%|HC|  |TAMS 0x0000000083900000, 0x0000000083900000| Complete 
|  57|0x0000000083900000, 0x0000000083a00000, 0x0000000083a00000|100%|HC|  |TAMS 0x0000000083a00000, 0x0000000083a00000| Complete 
|  58|0x0000000083a00000, 0x0000000083b00000, 0x0000000083b00000|100%|HC|  |TAMS 0x0000000083b00000, 0x0000000083b00000| Complete 
|  59|0x0000000083b00000, 0x0000000083c00000, 0x0000000083c00000|100%|HC|  |TAMS 0x0000000083c00000, 0x0000000083c00000| Complete 
|  60|0x0000000083c00000, 0x0000000083d00000, 0x0000000083d00000|100%|HC|  |TAMS 0x0000000083d00000, 0x0000000083d00000| Complete 
|  61|0x0000000083d00000, 0x0000000083e00000, 0x0000000083e00000|100%|HC|  |TAMS 0x0000000083e00000, 0x0000000083e00000| Complete 
|  62|0x0000000083e00000, 0x0000000083f00000, 0x0000000083f00000|100%|HS|  |TAMS 0x0000000083f00000, 0x0000000083f00000| Complete 
|  63|0x0000000083f00000, 0x0000000084000000, 0x0000000084000000|100%|HC|  |TAMS 0x0000000084000000, 0x0000000084000000| Complete 
|  64|0x0000000084000000, 0x0000000084100000, 0x0000000084100000|100%|HS|  |TAMS 0x0000000084100000, 0x0000000084100000| Complete 
|  65|0x0000000084100000, 0x0000000084200000, 0x0000000084200000|100%|HC|  |TAMS 0x0000000084200000, 0x0000000084200000| Complete 
|  66|0x0000000084200000, 0x0000000084300000, 0x0000000084300000|100%|HC|  |TAMS 0x0000000084300000, 0x0000000084300000| Complete 
|  67|0x0000000084300000, 0x0000000084400000, 0x0000000084400000|100%|HS|  |TAMS 0x0000000084400000, 0x0000000084400000| Complete 
|  68|0x0000000084400000, 0x0000000084500000, 0x0000000084500000|100%|HC|  |TAMS 0x0000000084500000, 0x0000000084500000| Complete 
|  69|0x0000000084500000, 0x0000000084600000, 0x0000000084600000|100%|HS|  |TAMS 0x0000000084600000, 0x0000000084600000| Complete 
|  70|0x0000000084600000, 0x0000000084700000, 0x0000000084700000|100%|HC|  |TAMS 0x0000000084700000, 0x0000000084700000| Complete 
|  71|0x0000000084700000, 0x0000000084800000, 0x0000000084800000|100%|HC|  |TAMS 0x0000000084800000, 0x0000000084800000| Complete 
|  72|0x0000000084800000, 0x0000000084900000, 0x0000000084900000|100%| O|  |TAMS 0x0000000084900000, 0x0000000084900000| Untracked 
|  73|0x0000000084900000, 0x0000000084a00000, 0x0000000084a00000|100%| O|  |TAMS 0x0000000084a00000, 0x0000000084a00000| Untracked 
|  74|0x0000000084a00000, 0x0000000084b00000, 0x0000000084b00000|100%| O|  |TAMS 0x0000000084b00000, 0x0000000084b00000| Untracked 
|  75|0x0000000084b00000, 0x0000000084c00000, 0x0000000084c00000|100%| O|  |TAMS 0x0000000084c00000, 0x0000000084c00000| Untracked 
|  76|0x0000000084c00000, 0x0000000084d00000, 0x0000000084d00000|100%| O|  |TAMS 0x0000000084d00000, 0x0000000084d00000| Untracked 
|  77|0x0000000084d00000, 0x0000000084e00000, 0x0000000084e00000|100%| O|  |TAMS 0x0000000084e00000, 0x0000000084e00000| Untracked 
|  78|0x0000000084e00000, 0x0000000084f00000, 0x0000000084f00000|100%| O|  |TAMS 0x0000000084f00000, 0x0000000084f00000| Untracked 
|  79|0x0000000084f00000, 0x0000000085000000, 0x0000000085000000|100%| O|  |TAMS 0x0000000085000000, 0x0000000085000000| Untracked 
|  80|0x0000000085000000, 0x0000000085100000, 0x0000000085100000|100%|HS|  |TAMS 0x0000000085100000, 0x0000000085100000| Complete 
|  81|0x0000000085100000, 0x0000000085200000, 0x0000000085200000|100%|HC|  |TAMS 0x0000000085200000, 0x0000000085200000| Complete 
|  82|0x0000000085200000, 0x0000000085300000, 0x0000000085300000|100%|HC|  |TAMS 0x0000000085300000, 0x0000000085300000| Complete 
|  83|0x0000000085300000, 0x0000000085400000, 0x0000000085400000|100%|HC|  |TAMS 0x0000000085400000, 0x0000000085400000| Complete 
|  84|0x0000000085400000, 0x0000000085500000, 0x0000000085500000|100%|HC|  |TAMS 0x0000000085500000, 0x0000000085500000| Complete 
|  85|0x0000000085500000, 0x0000000085600000, 0x0000000085600000|100%| O|  |TAMS 0x0000000085600000, 0x0000000085600000| Untracked 
|  86|0x0000000085600000, 0x0000000085700000, 0x0000000085700000|100%| O|  |TAMS 0x0000000085700000, 0x0000000085700000| Untracked 
|  87|0x0000000085700000, 0x0000000085800000, 0x0000000085800000|100%| O|  |TAMS 0x0000000085800000, 0x0000000085800000| Untracked 
|  88|0x0000000085800000, 0x0000000085900000, 0x0000000085900000|100%| O|  |TAMS 0x0000000085900000, 0x0000000085900000| Untracked 
|  89|0x0000000085900000, 0x0000000085a00000, 0x0000000085a00000|100%| O|  |TAMS 0x0000000085a00000, 0x0000000085a00000| Untracked 
|  90|0x0000000085a00000, 0x0000000085b00000, 0x0000000085b00000|100%| O|  |TAMS 0x0000000085b00000, 0x0000000085b00000| Untracked 
|  91|0x0000000085b00000, 0x0000000085c00000, 0x0000000085c00000|100%| O|  |TAMS 0x0000000085c00000, 0x0000000085c00000| Untracked 
|  92|0x0000000085c00000, 0x0000000085d00000, 0x0000000085d00000|100%| O|  |TAMS 0x0000000085d00000, 0x0000000085d00000| Untracked 
|  93|0x0000000085d00000, 0x0000000085e00000, 0x0000000085e00000|100%| O|  |TAMS 0x0000000085e00000, 0x0000000085e00000| Untracked 
|  94|0x0000000085e00000, 0x0000000085f00000, 0x0000000085f00000|100%| O|  |TAMS 0x0000000085f00000, 0x0000000085f00000| Untracked 
|  95|0x0000000085f00000, 0x0000000086000000, 0x0000000086000000|100%|HS|  |TAMS 0x0000000086000000, 0x0000000086000000| Complete 
|  96|0x0000000086000000, 0x0000000086100000, 0x0000000086100000|100%|HS|  |TAMS 0x0000000086100000, 0x0000000086100000| Complete 
|  97|0x0000000086100000, 0x0000000086200000, 0x0000000086200000|100%|HC|  |TAMS 0x0000000086200000, 0x0000000086200000| Complete 
|  98|0x0000000086200000, 0x0000000086300000, 0x0000000086300000|100%|HS|  |TAMS 0x0000000086300000, 0x0000000086300000| Complete 
|  99|0x0000000086300000, 0x0000000086400000, 0x0000000086400000|100%| O|  |TAMS 0x0000000086400000, 0x0000000086400000| Untracked 
| 100|0x0000000086400000, 0x0000000086500000, 0x0000000086500000|100%| O|  |TAMS 0x0000000086500000, 0x0000000086500000| Untracked 
| 101|0x0000000086500000, 0x0000000086600000, 0x0000000086600000|100%| O|  |TAMS 0x0000000086600000, 0x0000000086600000| Untracked 
| 102|0x0000000086600000, 0x0000000086700000, 0x0000000086700000|100%| O|  |TAMS 0x0000000086700000, 0x0000000086700000| Untracked 
| 103|0x0000000086700000, 0x0000000086800000, 0x0000000086800000|100%|HS|  |TAMS 0x0000000086800000, 0x0000000086800000| Complete 
| 104|0x0000000086800000, 0x0000000086900000, 0x0000000086900000|100%|HC|  |TAMS 0x0000000086900000, 0x0000000086900000| Complete 
| 105|0x0000000086900000, 0x0000000086a00000, 0x0000000086a00000|100%|HC|  |TAMS 0x0000000086a00000, 0x0000000086a00000| Complete 
| 106|0x0000000086a00000, 0x0000000086b00000, 0x0000000086b00000|100%|HC|  |TAMS 0x0000000086b00000, 0x0000000086b00000| Complete 
| 107|0x0000000086b00000, 0x0000000086c00000, 0x0000000086c00000|100%| O|  |TAMS 0x0000000086c00000, 0x0000000086c00000| Untracked 
| 108|0x0000000086c00000, 0x0000000086d00000, 0x0000000086d00000|100%| O|  |TAMS 0x0000000086d00000, 0x0000000086d00000| Untracked 
| 109|0x0000000086d00000, 0x0000000086e00000, 0x0000000086e00000|100%| O|  |TAMS 0x0000000086e00000, 0x0000000086e00000| Untracked 
| 110|0x0000000086e00000, 0x0000000086f00000, 0x0000000086f00000|100%| O|  |TAMS 0x0000000086f00000, 0x0000000086f00000| Untracked 
| 111|0x0000000086f00000, 0x0000000087000000, 0x0000000087000000|100%| O|  |TAMS 0x0000000087000000, 0x0000000087000000| Untracked 
| 112|0x0000000087000000, 0x0000000087100000, 0x0000000087100000|100%| O|  |TAMS 0x0000000087100000, 0x0000000087100000| Untracked 
| 113|0x0000000087100000, 0x0000000087200000, 0x0000000087200000|100%| O|  |TAMS 0x0000000087200000, 0x0000000087200000| Untracked 
| 114|0x0000000087200000, 0x0000000087300000, 0x0000000087300000|100%| O|  |TAMS 0x0000000087300000, 0x0000000087300000| Untracked 
| 115|0x0000000087300000, 0x0000000087400000, 0x0000000087400000|100%| O|  |TAMS 0x0000000087400000, 0x0000000087400000| Untracked 
| 116|0x0000000087400000, 0x0000000087500000, 0x0000000087500000|100%| O|  |TAMS 0x0000000087500000, 0x0000000087500000| Untracked 
| 117|0x0000000087500000, 0x0000000087600000, 0x0000000087600000|100%| O|  |TAMS 0x0000000087600000, 0x0000000087600000| Untracked 
| 118|0x0000000087600000, 0x0000000087700000, 0x0000000087700000|100%| O|  |TAMS 0x0000000087700000, 0x0000000087700000| Untracked 
| 119|0x0000000087700000, 0x0000000087800000, 0x0000000087800000|100%| O|  |TAMS 0x0000000087800000, 0x0000000087800000| Untracked 
| 120|0x0000000087800000, 0x0000000087900000, 0x0000000087900000|100%| O|  |TAMS 0x0000000087900000, 0x0000000087900000| Untracked 
| 121|0x0000000087900000, 0x0000000087a00000, 0x0000000087a00000|100%| O|  |TAMS 0x0000000087a00000, 0x0000000087a00000| Untracked 
| 122|0x0000000087a00000, 0x0000000087b00000, 0x0000000087b00000|100%| O|  |TAMS 0x0000000087b00000, 0x0000000087b00000| Untracked 
| 123|0x0000000087b00000, 0x0000000087c00000, 0x0000000087c00000|100%| O|  |TAMS 0x0000000087c00000, 0x0000000087c00000| Untracked 
| 124|0x0000000087c00000, 0x0000000087d00000, 0x0000000087d00000|100%| O|  |TAMS 0x0000000087d00000, 0x0000000087d00000| Untracked 
| 125|0x0000000087d00000, 0x0000000087e00000, 0x0000000087e00000|100%| O|  |TAMS 0x0000000087e00000, 0x0000000087e00000| Untracked 
| 126|0x0000000087e00000, 0x0000000087f00000, 0x0000000087f00000|100%| O|  |TAMS 0x0000000087f00000, 0x0000000087f00000| Untracked 
| 127|0x0000000087f00000, 0x0000000088000000, 0x0000000088000000|100%| O|  |TAMS 0x0000000088000000, 0x0000000088000000| Untracked 
| 128|0x0000000088000000, 0x0000000088100000, 0x0000000088100000|100%|HS|  |TAMS 0x0000000088100000, 0x0000000088100000| Complete 
| 129|0x0000000088100000, 0x0000000088200000, 0x0000000088200000|100%|HC|  |TAMS 0x0000000088200000, 0x0000000088200000| Complete 
| 130|0x0000000088200000, 0x0000000088300000, 0x0000000088300000|100%|HS|  |TAMS 0x0000000088300000, 0x0000000088300000| Complete 
| 131|0x0000000088300000, 0x0000000088400000, 0x0000000088400000|100%|HC|  |TAMS 0x0000000088400000, 0x0000000088400000| Complete 
| 132|0x0000000088400000, 0x0000000088500000, 0x0000000088500000|100%|HC|  |TAMS 0x0000000088500000, 0x0000000088500000| Complete 
| 133|0x0000000088500000, 0x0000000088600000, 0x0000000088600000|100%|HS|  |TAMS 0x0000000088600000, 0x0000000088600000| Complete 
| 134|0x0000000088600000, 0x0000000088700000, 0x0000000088700000|100%|HC|  |TAMS 0x0000000088700000, 0x0000000088700000| Complete 
| 135|0x0000000088700000, 0x0000000088800000, 0x0000000088800000|100%|HC|  |TAMS 0x0000000088800000, 0x0000000088800000| Complete 
| 136|0x0000000088800000, 0x0000000088900000, 0x0000000088900000|100%|HS|  |TAMS 0x0000000088900000, 0x0000000088900000| Complete 
| 137|0x0000000088900000, 0x0000000088a00000, 0x0000000088a00000|100%|HC|  |TAMS 0x0000000088a00000, 0x0000000088a00000| Complete 
| 138|0x0000000088a00000, 0x0000000088b00000, 0x0000000088b00000|100%|HS|  |TAMS 0x0000000088b00000, 0x0000000088b00000| Complete 
| 139|0x0000000088b00000, 0x0000000088c00000, 0x0000000088c00000|100%|HC|  |TAMS 0x0000000088c00000, 0x0000000088c00000| Complete 
| 140|0x0000000088c00000, 0x0000000088d00000, 0x0000000088d00000|100%|HC|  |TAMS 0x0000000088d00000, 0x0000000088d00000| Complete 
| 141|0x0000000088d00000, 0x0000000088e00000, 0x0000000088e00000|100%|HC|  |TAMS 0x0000000088e00000, 0x0000000088e00000| Complete 
| 142|0x0000000088e00000, 0x0000000088f00000, 0x0000000088f00000|100%|HC|  |TAMS 0x0000000088f00000, 0x0000000088f00000| Complete 
| 143|0x0000000088f00000, 0x0000000089000000, 0x0000000089000000|100%|HC|  |TAMS 0x0000000089000000, 0x0000000089000000| Complete 
| 144|0x0000000089000000, 0x0000000089100000, 0x0000000089100000|100%|HC|  |TAMS 0x0000000089100000, 0x0000000089100000| Complete 
| 145|0x0000000089100000, 0x0000000089200000, 0x0000000089200000|100%|HC|  |TAMS 0x0000000089200000, 0x0000000089200000| Complete 
| 146|0x0000000089200000, 0x0000000089300000, 0x0000000089300000|100%|HC|  |TAMS 0x0000000089300000, 0x0000000089300000| Complete 
| 147|0x0000000089300000, 0x0000000089400000, 0x0000000089400000|100%|HC|  |TAMS 0x0000000089400000, 0x0000000089400000| Complete 
| 148|0x0000000089400000, 0x0000000089500000, 0x0000000089500000|100%|HS|  |TAMS 0x0000000089500000, 0x0000000089500000| Complete 
| 149|0x0000000089500000, 0x0000000089600000, 0x0000000089600000|100%|HC|  |TAMS 0x0000000089600000, 0x0000000089600000| Complete 
| 150|0x0000000089600000, 0x0000000089700000, 0x0000000089700000|100%|HS|  |TAMS 0x0000000089700000, 0x0000000089700000| Complete 
| 151|0x0000000089700000, 0x0000000089800000, 0x0000000089800000|100%|HC|  |TAMS 0x0000000089800000, 0x0000000089800000| Complete 
| 152|0x0000000089800000, 0x0000000089900000, 0x0000000089900000|100%|HC|  |TAMS 0x0000000089900000, 0x0000000089900000| Complete 
| 153|0x0000000089900000, 0x0000000089a00000, 0x0000000089a00000|100%|HC|  |TAMS 0x0000000089a00000, 0x0000000089a00000| Complete 
| 154|0x0000000089a00000, 0x0000000089b00000, 0x0000000089b00000|100%|HC|  |TAMS 0x0000000089b00000, 0x0000000089b00000| Complete 
| 155|0x0000000089b00000, 0x0000000089c00000, 0x0000000089c00000|100%| O|  |TAMS 0x0000000089c00000, 0x0000000089c00000| Untracked 
| 156|0x0000000089c00000, 0x0000000089d00000, 0x0000000089d00000|100%| O|  |TAMS 0x0000000089d00000, 0x0000000089d00000| Untracked 
| 157|0x0000000089d00000, 0x0000000089e00000, 0x0000000089e00000|100%| O|  |TAMS 0x0000000089e00000, 0x0000000089e00000| Untracked 
| 158|0x0000000089e00000, 0x0000000089f00000, 0x0000000089f00000|100%| O|  |TAMS 0x0000000089f00000, 0x0000000089f00000| Untracked 
| 159|0x0000000089f00000, 0x000000008a000000, 0x000000008a000000|100%| O|  |TAMS 0x000000008a000000, 0x000000008a000000| Untracked 
| 160|0x000000008a000000, 0x000000008a100000, 0x000000008a100000|100%| O|  |TAMS 0x000000008a100000, 0x000000008a100000| Untracked 
| 161|0x000000008a100000, 0x000000008a200000, 0x000000008a200000|100%| O|  |TAMS 0x000000008a200000, 0x000000008a200000| Untracked 
| 162|0x000000008a200000, 0x000000008a300000, 0x000000008a300000|100%| O|  |TAMS 0x000000008a300000, 0x000000008a300000| Untracked 
| 163|0x000000008a300000, 0x000000008a400000, 0x000000008a400000|100%| O|  |TAMS 0x000000008a400000, 0x000000008a400000| Untracked 
| 164|0x000000008a400000, 0x000000008a500000, 0x000000008a500000|100%| O|  |TAMS 0x000000008a500000, 0x000000008a500000| Untracked 
| 165|0x000000008a500000, 0x000000008a600000, 0x000000008a600000|100%| O|  |TAMS 0x000000008a600000, 0x000000008a600000| Untracked 
| 166|0x000000008a600000, 0x000000008a700000, 0x000000008a700000|100%| O|  |TAMS 0x000000008a700000, 0x000000008a700000| Untracked 
| 167|0x000000008a700000, 0x000000008a800000, 0x000000008a800000|100%| O|  |TAMS 0x000000008a800000, 0x000000008a800000| Untracked 
| 168|0x000000008a800000, 0x000000008a900000, 0x000000008a900000|100%| O|  |TAMS 0x000000008a900000, 0x000000008a900000| Untracked 
| 169|0x000000008a900000, 0x000000008aa00000, 0x000000008aa00000|100%| O|  |TAMS 0x000000008aa00000, 0x000000008aa00000| Untracked 
| 170|0x000000008aa00000, 0x000000008ab00000, 0x000000008ab00000|100%| O|  |TAMS 0x000000008ab00000, 0x000000008ab00000| Untracked 
| 171|0x000000008ab00000, 0x000000008ac00000, 0x000000008ac00000|100%| O|  |TAMS 0x000000008ac00000, 0x000000008ac00000| Untracked 
| 172|0x000000008ac00000, 0x000000008ad00000, 0x000000008ad00000|100%| O|  |TAMS 0x000000008ad00000, 0x000000008ad00000| Untracked 
| 173|0x000000008ad00000, 0x000000008ae00000, 0x000000008ae00000|100%| O|  |TAMS 0x000000008ae00000, 0x000000008ae00000| Untracked 
| 174|0x000000008ae00000, 0x000000008af00000, 0x000000008af00000|100%| O|  |TAMS 0x000000008af00000, 0x000000008af00000| Untracked 
| 175|0x000000008af00000, 0x000000008b000000, 0x000000008b000000|100%| O|  |TAMS 0x000000008b000000, 0x000000008b000000| Untracked 
| 176|0x000000008b000000, 0x000000008b100000, 0x000000008b100000|100%| O|  |TAMS 0x000000008b100000, 0x000000008b100000| Untracked 
| 177|0x000000008b100000, 0x000000008b200000, 0x000000008b200000|100%| O|  |TAMS 0x000000008b200000, 0x000000008b200000| Untracked 
| 178|0x000000008b200000, 0x000000008b300000, 0x000000008b300000|100%| O|  |TAMS 0x000000008b300000, 0x000000008b300000| Untracked 
| 179|0x000000008b300000, 0x000000008b400000, 0x000000008b400000|100%| O|  |TAMS 0x000000008b3f0400, 0x000000008b400000| Untracked 
| 180|0x000000008b400000, 0x000000008b500000, 0x000000008b500000|100%| O|  |TAMS 0x000000008b400000, 0x000000008b500000| Untracked 
| 181|0x000000008b500000, 0x000000008b600000, 0x000000008b600000|100%| O|  |TAMS 0x000000008b500000, 0x000000008b600000| Untracked 
| 182|0x000000008b600000, 0x000000008b700000, 0x000000008b700000|100%| O|  |TAMS 0x000000008b600000, 0x000000008b700000| Untracked 
| 183|0x000000008b700000, 0x000000008b7f4000, 0x000000008b800000| 95%| O|  |TAMS 0x000000008b700000, 0x000000008b7f4000| Untracked 
| 184|0x000000008b800000, 0x000000008b800000, 0x000000008b900000|  0%| F|  |TAMS 0x000000008b800000, 0x000000008b800000| Untracked 
| 185|0x000000008b900000, 0x000000008b900000, 0x000000008ba00000|  0%| F|  |TAMS 0x000000008b900000, 0x000000008b900000| Untracked 
| 186|0x000000008ba00000, 0x000000008ba00000, 0x000000008bb00000|  0%| F|  |TAMS 0x000000008ba00000, 0x000000008ba00000| Untracked 
| 187|0x000000008bb00000, 0x000000008bb00000, 0x000000008bc00000|  0%| F|  |TAMS 0x000000008bb00000, 0x000000008bb00000| Untracked 
| 188|0x000000008bc00000, 0x000000008bc00000, 0x000000008bd00000|  0%| F|  |TAMS 0x000000008bc00000, 0x000000008bc00000| Untracked 
| 189|0x000000008bd00000, 0x000000008bd00000, 0x000000008be00000|  0%| F|  |TAMS 0x000000008bd00000, 0x000000008bd00000| Untracked 
| 190|0x000000008be00000, 0x000000008be00000, 0x000000008bf00000|  0%| F|  |TAMS 0x000000008be00000, 0x000000008be00000| Untracked 
| 191|0x000000008bf00000, 0x000000008bf00000, 0x000000008c000000|  0%| F|  |TAMS 0x000000008bf00000, 0x000000008bf00000| Untracked 
| 192|0x000000008c000000, 0x000000008c000000, 0x000000008c100000|  0%| F|  |TAMS 0x000000008c000000, 0x000000008c000000| Untracked 
| 193|0x000000008c100000, 0x000000008c100000, 0x000000008c200000|  0%| F|  |TAMS 0x000000008c100000, 0x000000008c100000| Untracked 
| 194|0x000000008c200000, 0x000000008c200000, 0x000000008c300000|  0%| F|  |TAMS 0x000000008c200000, 0x000000008c200000| Untracked 
| 195|0x000000008c300000, 0x000000008c300000, 0x000000008c400000|  0%| F|  |TAMS 0x000000008c300000, 0x000000008c300000| Untracked 
| 196|0x000000008c400000, 0x000000008c400000, 0x000000008c500000|  0%| F|  |TAMS 0x000000008c400000, 0x000000008c400000| Untracked 
| 197|0x000000008c500000, 0x000000008c500000, 0x000000008c600000|  0%| F|  |TAMS 0x000000008c500000, 0x000000008c500000| Untracked 
| 198|0x000000008c600000, 0x000000008c600000, 0x000000008c700000|  0%| F|  |TAMS 0x000000008c600000, 0x000000008c600000| Untracked 
| 199|0x000000008c700000, 0x000000008c700000, 0x000000008c800000|  0%| F|  |TAMS 0x000000008c700000, 0x000000008c700000| Untracked 
| 200|0x000000008c800000, 0x000000008c800000, 0x000000008c900000|  0%| F|  |TAMS 0x000000008c800000, 0x000000008c800000| Untracked 
| 201|0x000000008c900000, 0x000000008c900000, 0x000000008ca00000|  0%| F|  |TAMS 0x000000008c900000, 0x000000008c900000| Untracked 
| 202|0x000000008ca00000, 0x000000008ca00000, 0x000000008cb00000|  0%| F|  |TAMS 0x000000008ca00000, 0x000000008ca00000| Untracked 
| 203|0x000000008cb00000, 0x000000008cb00000, 0x000000008cc00000|  0%| F|  |TAMS 0x000000008cb00000, 0x000000008cb00000| Untracked 
| 204|0x000000008cc00000, 0x000000008cc00000, 0x000000008cd00000|  0%| F|  |TAMS 0x000000008cc00000, 0x000000008cc00000| Untracked 
| 205|0x000000008cd00000, 0x000000008cd00000, 0x000000008ce00000|  0%| F|  |TAMS 0x000000008cd00000, 0x000000008cd00000| Untracked 
| 206|0x000000008ce00000, 0x000000008ce00000, 0x000000008cf00000|  0%| F|  |TAMS 0x000000008ce00000, 0x000000008ce00000| Untracked 
| 207|0x000000008cf00000, 0x000000008cf00000, 0x000000008d000000|  0%| F|  |TAMS 0x000000008cf00000, 0x000000008cf00000| Untracked 
| 208|0x000000008d000000, 0x000000008d000000, 0x000000008d100000|  0%| F|  |TAMS 0x000000008d000000, 0x000000008d000000| Untracked 
| 209|0x000000008d100000, 0x000000008d100000, 0x000000008d200000|  0%| F|  |TAMS 0x000000008d100000, 0x000000008d100000| Untracked 
| 210|0x000000008d200000, 0x000000008d200000, 0x000000008d300000|  0%| F|  |TAMS 0x000000008d200000, 0x000000008d200000| Untracked 
| 211|0x000000008d300000, 0x000000008d300000, 0x000000008d400000|  0%| F|  |TAMS 0x000000008d300000, 0x000000008d300000| Untracked 
| 212|0x000000008d400000, 0x000000008d400000, 0x000000008d500000|  0%| F|  |TAMS 0x000000008d400000, 0x000000008d400000| Untracked 
| 213|0x000000008d500000, 0x000000008d500000, 0x000000008d600000|  0%| F|  |TAMS 0x000000008d500000, 0x000000008d500000| Untracked 
| 214|0x000000008d600000, 0x000000008d600000, 0x000000008d700000|  0%| F|  |TAMS 0x000000008d600000, 0x000000008d600000| Untracked 
| 215|0x000000008d700000, 0x000000008d700000, 0x000000008d800000|  0%| F|  |TAMS 0x000000008d700000, 0x000000008d700000| Untracked 
| 216|0x000000008d800000, 0x000000008d800000, 0x000000008d900000|  0%| F|  |TAMS 0x000000008d800000, 0x000000008d800000| Untracked 
| 217|0x000000008d900000, 0x000000008d900000, 0x000000008da00000|  0%| F|  |TAMS 0x000000008d900000, 0x000000008d900000| Untracked 
| 218|0x000000008da00000, 0x000000008da00000, 0x000000008db00000|  0%| F|  |TAMS 0x000000008da00000, 0x000000008da00000| Untracked 
| 219|0x000000008db00000, 0x000000008db00000, 0x000000008dc00000|  0%| F|  |TAMS 0x000000008db00000, 0x000000008db00000| Untracked 
| 220|0x000000008dc00000, 0x000000008dc00000, 0x000000008dd00000|  0%| F|  |TAMS 0x000000008dc00000, 0x000000008dc00000| Untracked 
| 221|0x000000008dd00000, 0x000000008ddf0ed0, 0x000000008de00000| 94%| S|CS|TAMS 0x000000008dd00000, 0x000000008dd00000| Complete 
| 222|0x000000008de00000, 0x000000008df00000, 0x000000008df00000|100%| S|CS|TAMS 0x000000008de00000, 0x000000008de00000| Complete 
| 223|0x000000008df00000, 0x000000008e000000, 0x000000008e000000|100%| S|CS|TAMS 0x000000008df00000, 0x000000008df00000| Complete 
| 224|0x000000008e000000, 0x000000008e100000, 0x000000008e100000|100%| S|CS|TAMS 0x000000008e000000, 0x000000008e000000| Complete 
| 225|0x000000008e100000, 0x000000008e100000, 0x000000008e200000|  0%| F|  |TAMS 0x000000008e100000, 0x000000008e100000| Untracked 
| 226|0x000000008e200000, 0x000000008e200000, 0x000000008e300000|  0%| F|  |TAMS 0x000000008e200000, 0x000000008e200000| Untracked 
| 227|0x000000008e300000, 0x000000008e300000, 0x000000008e400000|  0%| F|  |TAMS 0x000000008e300000, 0x000000008e300000| Untracked 
| 228|0x000000008e400000, 0x000000008e400000, 0x000000008e500000|  0%| F|  |TAMS 0x000000008e400000, 0x000000008e400000| Untracked 
| 229|0x000000008e500000, 0x000000008e500000, 0x000000008e600000|  0%| F|  |TAMS 0x000000008e500000, 0x000000008e500000| Untracked 
| 230|0x000000008e600000, 0x000000008e600000, 0x000000008e700000|  0%| F|  |TAMS 0x000000008e600000, 0x000000008e600000| Untracked 
| 231|0x000000008e700000, 0x000000008e700000, 0x000000008e800000|  0%| F|  |TAMS 0x000000008e700000, 0x000000008e700000| Untracked 
| 232|0x000000008e800000, 0x000000008e800000, 0x000000008e900000|  0%| F|  |TAMS 0x000000008e800000, 0x000000008e800000| Untracked 
| 233|0x000000008e900000, 0x000000008e900000, 0x000000008ea00000|  0%| F|  |TAMS 0x000000008e900000, 0x000000008e900000| Untracked 
| 234|0x000000008ea00000, 0x000000008ea00000, 0x000000008eb00000|  0%| F|  |TAMS 0x000000008ea00000, 0x000000008ea00000| Untracked 
| 235|0x000000008eb00000, 0x000000008eb00000, 0x000000008ec00000|  0%| F|  |TAMS 0x000000008eb00000, 0x000000008eb00000| Untracked 
| 236|0x000000008ec00000, 0x000000008ec00000, 0x000000008ed00000|  0%| F|  |TAMS 0x000000008ec00000, 0x000000008ec00000| Untracked 
| 237|0x000000008ed00000, 0x000000008ed00000, 0x000000008ee00000|  0%| F|  |TAMS 0x000000008ed00000, 0x000000008ed00000| Untracked 
| 238|0x000000008ee00000, 0x000000008ee00000, 0x000000008ef00000|  0%| F|  |TAMS 0x000000008ee00000, 0x000000008ee00000| Untracked 
| 239|0x000000008ef00000, 0x000000008ef00000, 0x000000008f000000|  0%| F|  |TAMS 0x000000008ef00000, 0x000000008ef00000| Untracked 
| 240|0x000000008f000000, 0x000000008f000000, 0x000000008f100000|  0%| F|  |TAMS 0x000000008f000000, 0x000000008f000000| Untracked 
| 241|0x000000008f100000, 0x000000008f100000, 0x000000008f200000|  0%| F|  |TAMS 0x000000008f100000, 0x000000008f100000| Untracked 
| 242|0x000000008f200000, 0x000000008f200000, 0x000000008f300000|  0%| F|  |TAMS 0x000000008f200000, 0x000000008f200000| Untracked 
| 243|0x000000008f300000, 0x000000008f300000, 0x000000008f400000|  0%| F|  |TAMS 0x000000008f300000, 0x000000008f300000| Untracked 
| 244|0x000000008f400000, 0x000000008f400000, 0x000000008f500000|  0%| F|  |TAMS 0x000000008f400000, 0x000000008f400000| Untracked 
| 245|0x000000008f500000, 0x000000008f500000, 0x000000008f600000|  0%| F|  |TAMS 0x000000008f500000, 0x000000008f500000| Untracked 
| 246|0x000000008f600000, 0x000000008f600000, 0x000000008f700000|  0%| F|  |TAMS 0x000000008f600000, 0x000000008f600000| Untracked 
| 247|0x000000008f700000, 0x000000008f700000, 0x000000008f800000|  0%| F|  |TAMS 0x000000008f700000, 0x000000008f700000| Untracked 
| 248|0x000000008f800000, 0x000000008f800000, 0x000000008f900000|  0%| F|  |TAMS 0x000000008f800000, 0x000000008f800000| Untracked 
| 249|0x000000008f900000, 0x000000008f900000, 0x000000008fa00000|  0%| F|  |TAMS 0x000000008f900000, 0x000000008f900000| Untracked 
| 250|0x000000008fa00000, 0x000000008fa00000, 0x000000008fb00000|  0%| F|  |TAMS 0x000000008fa00000, 0x000000008fa00000| Untracked 
| 251|0x000000008fb00000, 0x000000008fb00000, 0x000000008fc00000|  0%| F|  |TAMS 0x000000008fb00000, 0x000000008fb00000| Untracked 
| 252|0x000000008fc00000, 0x000000008fc00000, 0x000000008fd00000|  0%| F|  |TAMS 0x000000008fc00000, 0x000000008fc00000| Untracked 
| 253|0x000000008fd00000, 0x000000008fd00000, 0x000000008fe00000|  0%| F|  |TAMS 0x000000008fd00000, 0x000000008fd00000| Untracked 
| 254|0x000000008fe00000, 0x000000008fe00000, 0x000000008ff00000|  0%| F|  |TAMS 0x000000008fe00000, 0x000000008fe00000| Untracked 
| 255|0x000000008ff00000, 0x000000008ff00000, 0x0000000090000000|  0%| F|  |TAMS 0x000000008ff00000, 0x000000008ff00000| Untracked 
| 256|0x0000000090000000, 0x0000000090000000, 0x0000000090100000|  0%| F|  |TAMS 0x0000000090000000, 0x0000000090000000| Untracked 
| 257|0x0000000090100000, 0x0000000090100000, 0x0000000090200000|  0%| F|  |TAMS 0x0000000090100000, 0x0000000090100000| Untracked 
| 258|0x0000000090200000, 0x0000000090200000, 0x0000000090300000|  0%| F|  |TAMS 0x0000000090200000, 0x0000000090200000| Untracked 
| 259|0x0000000090300000, 0x0000000090300000, 0x0000000090400000|  0%| F|  |TAMS 0x0000000090300000, 0x0000000090300000| Untracked 
| 260|0x0000000090400000, 0x0000000090400000, 0x0000000090500000|  0%| F|  |TAMS 0x0000000090400000, 0x0000000090400000| Untracked 
| 261|0x0000000090500000, 0x0000000090500000, 0x0000000090600000|  0%| F|  |TAMS 0x0000000090500000, 0x0000000090500000| Untracked 
| 262|0x0000000090600000, 0x0000000090600000, 0x0000000090700000|  0%| F|  |TAMS 0x0000000090600000, 0x0000000090600000| Untracked 
| 263|0x0000000090700000, 0x0000000090700000, 0x0000000090800000|  0%| F|  |TAMS 0x0000000090700000, 0x0000000090700000| Untracked 
| 264|0x0000000090800000, 0x0000000090800000, 0x0000000090900000|  0%| F|  |TAMS 0x0000000090800000, 0x0000000090800000| Untracked 
| 265|0x0000000090900000, 0x0000000090900000, 0x0000000090a00000|  0%| F|  |TAMS 0x0000000090900000, 0x0000000090900000| Untracked 
| 266|0x0000000090a00000, 0x0000000090a00000, 0x0000000090b00000|  0%| F|  |TAMS 0x0000000090a00000, 0x0000000090a00000| Untracked 
| 267|0x0000000090b00000, 0x0000000090b00000, 0x0000000090c00000|  0%| F|  |TAMS 0x0000000090b00000, 0x0000000090b00000| Untracked 
| 268|0x0000000090c00000, 0x0000000090d00000, 0x0000000090d00000|100%| E|  |TAMS 0x0000000090c00000, 0x0000000090c00000| Complete 
| 269|0x0000000090d00000, 0x0000000090e00000, 0x0000000090e00000|100%| E|CS|TAMS 0x0000000090d00000, 0x0000000090d00000| Complete 
| 270|0x0000000090e00000, 0x0000000090f00000, 0x0000000090f00000|100%| E|CS|TAMS 0x0000000090e00000, 0x0000000090e00000| Complete 
| 271|0x0000000090f00000, 0x0000000091000000, 0x0000000091000000|100%| E|CS|TAMS 0x0000000090f00000, 0x0000000090f00000| Complete 
| 272|0x0000000091000000, 0x0000000091100000, 0x0000000091100000|100%| E|CS|TAMS 0x0000000091000000, 0x0000000091000000| Complete 
| 273|0x0000000091100000, 0x0000000091200000, 0x0000000091200000|100%| E|CS|TAMS 0x0000000091100000, 0x0000000091100000| Complete 
| 274|0x0000000091200000, 0x0000000091300000, 0x0000000091300000|100%| E|CS|TAMS 0x0000000091200000, 0x0000000091200000| Complete 
| 275|0x0000000091300000, 0x0000000091400000, 0x0000000091400000|100%| E|CS|TAMS 0x0000000091300000, 0x0000000091300000| Complete 
| 276|0x0000000091400000, 0x0000000091500000, 0x0000000091500000|100%| E|CS|TAMS 0x0000000091400000, 0x0000000091400000| Complete 
| 277|0x0000000091500000, 0x0000000091600000, 0x0000000091600000|100%| E|CS|TAMS 0x0000000091500000, 0x0000000091500000| Complete 

Card table byte_map: [0x000001424aed0000,0x000001424b2d0000] _byte_map_base: 0x000001424aad0000

Marking Bits (Prev, Next): (CMBitMap*) 0x00000142361b4448, (CMBitMap*) 0x00000142361b4480
 Prev Bits: [0x000001424b6d0000, 0x000001424d6d0000)
 Next Bits: [0x000001424d6d0000, 0x000001424f6d0000)

Polling page: 0x0000014236250000

Metaspace:

Usage:
  Non-class:     97.00 MB capacity,    95.26 MB ( 98%) used,     1.43 MB (  1%) free+waste,   317.62 KB ( <1%) overhead. 
      Class:     14.83 MB capacity,    13.82 MB ( 93%) used,   888.63 KB (  6%) free+waste,   142.31 KB ( <1%) overhead. 
       Both:    111.83 MB capacity,   109.08 MB ( 98%) used,     2.29 MB (  2%) free+waste,   459.94 KB ( <1%) overhead. 

Virtual space:
  Non-class space:       98.00 MB reserved,      97.09 MB (>99%) committed 
      Class space:        1.00 GB reserved,      14.95 MB (  1%) committed 
             Both:        1.10 GB reserved,     112.04 MB ( 10%) committed 

Chunk freelists:
   Non-Class:  22.00 KB
       Class:  19.00 KB
        Both:  41.00 KB

MaxMetaspaceSize: 17179869184.00 GB
CompressedClassSpaceSize: 1.00 GB
Initial GC threshold: 20.80 MB
Current GC threshold: 177.14 MB
CDS: off

CodeHeap 'non-profiled nmethods': size=120064Kb used=7485Kb max_used=7485Kb free=112578Kb
 bounds [0x0000014242f70000, 0x00000142436c0000, 0x000001424a4b0000]
CodeHeap 'profiled nmethods': size=120000Kb used=28135Kb max_used=28135Kb free=91864Kb
 bounds [0x000001423ba40000, 0x000001423d5c0000, 0x0000014242f70000]
CodeHeap 'non-nmethods': size=5696Kb used=2458Kb max_used=2514Kb free=3237Kb
 bounds [0x000001423b4b0000, 0x000001423b730000, 0x000001423ba40000]
 total_blobs=13483 nmethods=12488 adapters=907
 compilation: enabled
              stopped_count=0, restarted_count=0
 full_count=0

Compilation events (20 events):
Event: 16.494 Thread 0x00000142525ca800 12513       3       org.gradle.api.internal.artifacts.transform.AttributeMatchingVariantSelector$$Lambda$1114/0x0000000100e17040::test (12 bytes)
Event: 16.494 Thread 0x00000142525ca800 nmethod 12513 0x000001423d59b190 code [0x000001423d59b360, 0x000001423d59b788]
Event: 16.496 Thread 0x00000142525ca800 12515       1       org.jetbrains.kotlin.gradle.plugin.AndroidTestedVariantArtifactsFilter::access$getProjectPath$p (5 bytes)
Event: 16.496 Thread 0x00000142525ca800 nmethod 12515 0x00000142436b2190 code [0x00000142436b2340, 0x00000142436b23d8]
Event: 16.499 Thread 0x00000142525ca800 12516       3       org.gradle.internal.component.model.ComponentConfigurationIdentifier::equals (63 bytes)
Event: 16.499 Thread 0x00000142525ca800 nmethod 12516 0x000001423d59b910 code [0x000001423d59bb00, 0x000001423d59bfb8]
Event: 16.504 Thread 0x00000142525ca800 12517       3       org.jetbrains.kotlin.idea.gradleTooling.arguments.CompilerArgumentsCachingManager::cacheCompilerArgument$kotlin_gradle_gradle_tooling (169 bytes)
Event: 16.506 Thread 0x00000142525ca800 nmethod 12517 0x000001423d59c110 code [0x000001423d59c700, 0x000001423d59f658]
Event: 16.506 Thread 0x00000142525ca800 12518       3       org.jetbrains.kotlin.idea.gradleTooling.arguments.AbstractCompilerArgumentsCacheMapper::cacheArgument (96 bytes)
Event: 16.507 Thread 0x00000142525ca800 nmethod 12518 0x000001423d5a0590 code [0x000001423d5a0980, 0x000001423d5a2348]
Event: 16.507 Thread 0x00000142525ca800 12519       3       org.jetbrains.kotlin.idea.gradleTooling.arguments.AbstractCompilerArgumentsCacheMapper::checkCached (15 bytes)
Event: 16.508 Thread 0x00000142525ca800 nmethod 12519 0x000001423d5a2c90 code [0x000001423d5a2ec0, 0x000001423d5a3528]
Event: 16.508 Thread 0x00000142525ca800 12521       3       org.gradle.api.internal.file.collections.UnpackingVisitor::<init> (32 bytes)
Event: 16.508 Thread 0x00000142525ca800 nmethod 12521 0x000001423d5a3790 code [0x000001423d5a3960, 0x000001423d5a3c38]
Event: 16.508 Thread 0x00000142525ca800 12520       1       org.jetbrains.kotlin.cli.common.arguments.Freezable::access$getFrozen$p (5 bytes)
Event: 16.508 Thread 0x00000142525ca800 nmethod 12520 0x00000142436b2490 code [0x00000142436b2640, 0x00000142436b26d8]
Event: 16.508 Thread 0x00000142525ca800 12522       1       org.gradle.api.internal.DefaultNamedDomainObjectCollection$AbstractDomainObjectCreatingProvider::wasElementRemovedBeforeRealized (5 bytes)
Event: 16.508 Thread 0x00000142525ca800 nmethod 12522 0x00000142436b2790 code [0x00000142436b2940, 0x00000142436b29f8]
Event: 16.508 Thread 0x00000142525ca800 12523       3       org.jetbrains.kotlin.cli.common.arguments.Freezable$NullableStringFreezableVar::<init> (17 bytes)
Event: 16.509 Thread 0x00000142525ca800 nmethod 12523 0x000001423d5a3d10 code [0x000001423d5a3ee0, 0x000001423d5a4218]

GC Heap History (20 events):
Event: 11.435 GC heap before
{Heap before GC invocations=28 (full 0):
 garbage-first heap   total 236544K, used 171423K [0x0000000080000000, 0x0000000100000000)
  region size 1024K, 46 young (47104K), 7 survivors (7168K)
 Metaspace       used 86434K, capacity 88474K, committed 88612K, reserved 1126400K
  class space    used 11067K, capacity 11861K, committed 11980K, reserved 1048576K
}
Event: 11.445 GC heap after
{Heap after GC invocations=29 (full 0):
 garbage-first heap   total 236544K, used 138578K [0x0000000080000000, 0x0000000100000000)
  region size 1024K, 8 young (8192K), 8 survivors (8192K)
 Metaspace       used 86434K, capacity 88474K, committed 88612K, reserved 1126400K
  class space    used 11067K, capacity 11861K, committed 11980K, reserved 1048576K
}
Event: 11.905 GC heap before
{Heap before GC invocations=30 (full 0):
 garbage-first heap   total 236544K, used 214354K [0x0000000080000000, 0x0000000100000000)
  region size 1024K, 56 young (57344K), 8 survivors (8192K)
 Metaspace       used 88855K, capacity 91187K, committed 91300K, reserved 1128448K
  class space    used 11421K, capacity 12305K, committed 12364K, reserved 1048576K
}
Event: 11.915 GC heap after
{Heap after GC invocations=31 (full 0):
 garbage-first heap   total 236544K, used 172642K [0x0000000080000000, 0x0000000100000000)
  region size 1024K, 7 young (7168K), 7 survivors (7168K)
 Metaspace       used 88855K, capacity 91187K, committed 91300K, reserved 1128448K
  class space    used 11421K, capacity 12305K, committed 12364K, reserved 1048576K
}
Event: 12.019 GC heap before
{Heap before GC invocations=31 (full 0):
 garbage-first heap   total 236544K, used 201314K [0x0000000080000000, 0x0000000100000000)
  region size 1024K, 36 young (36864K), 7 survivors (7168K)
 Metaspace       used 89482K, capacity 91835K, committed 92196K, reserved 1128448K
  class space    used 11496K, capacity 12369K, committed 12492K, reserved 1048576K
}
Event: 12.026 GC heap after
{Heap after GC invocations=32 (full 0):
 garbage-first heap   total 284672K, used 173043K [0x0000000080000000, 0x0000000100000000)
  region size 1024K, 1 young (1024K), 1 survivors (1024K)
 Metaspace       used 89482K, capacity 91835K, committed 92196K, reserved 1128448K
  class space    used 11496K, capacity 12369K, committed 12492K, reserved 1048576K
}
Event: 12.361 GC heap before
{Heap before GC invocations=33 (full 0):
 garbage-first heap   total 284672K, used 200691K [0x0000000080000000, 0x0000000100000000)
  region size 1024K, 30 young (30720K), 1 survivors (1024K)
 Metaspace       used 90580K, capacity 93075K, committed 93348K, reserved 1130496K
  class space    used 11605K, capacity 12543K, committed 12620K, reserved 1048576K
}
Event: 12.365 GC heap after
{Heap after GC invocations=34 (full 0):
 garbage-first heap   total 284672K, used 174738K [0x0000000080000000, 0x0000000100000000)
  region size 1024K, 3 young (3072K), 3 survivors (3072K)
 Metaspace       used 90580K, capacity 93075K, committed 93348K, reserved 1130496K
  class space    used 11605K, capacity 12543K, committed 12620K, reserved 1048576K
}
Event: 13.124 GC heap before
{Heap before GC invocations=35 (full 0):
 garbage-first heap   total 284672K, used 230034K [0x0000000080000000, 0x0000000100000000)
  region size 1024K, 56 young (57344K), 3 survivors (3072K)
 Metaspace       used 97570K, capacity 100082K, committed 100388K, reserved 1136640K
  class space    used 12479K, capacity 13415K, committed 13516K, reserved 1048576K
}
Event: 13.131 GC heap after
{Heap after GC invocations=36 (full 0):
 garbage-first heap   total 284672K, used 176226K [0x0000000080000000, 0x0000000100000000)
  region size 1024K, 4 young (4096K), 4 survivors (4096K)
 Metaspace       used 97570K, capacity 100082K, committed 100388K, reserved 1136640K
  class space    used 12479K, capacity 13415K, committed 13516K, reserved 1048576K
}
Event: 13.794 GC heap before
{Heap before GC invocations=36 (full 0):
 garbage-first heap   total 284672K, used 231522K [0x0000000080000000, 0x0000000100000000)
  region size 1024K, 58 young (59392K), 4 survivors (4096K)
 Metaspace       used 102893K, capacity 105539K, committed 105764K, reserved 1140736K
  class space    used 13207K, capacity 14196K, committed 14284K, reserved 1048576K
}
Event: 13.805 GC heap after
{Heap after GC invocations=37 (full 0):
 garbage-first heap   total 284672K, used 179805K [0x0000000080000000, 0x0000000100000000)
  region size 1024K, 8 young (8192K), 8 survivors (8192K)
 Metaspace       used 102893K, capacity 105539K, committed 105764K, reserved 1140736K
  class space    used 13207K, capacity 14196K, committed 14284K, reserved 1048576K
}
Event: 14.580 GC heap before
{Heap before GC invocations=38 (full 0):
 garbage-first heap   total 284672K, used 234077K [0x0000000080000000, 0x0000000100000000)
  region size 1024K, 62 young (63488K), 8 survivors (8192K)
 Metaspace       used 104060K, capacity 106823K, committed 106916K, reserved 1142784K
  class space    used 13291K, capacity 14322K, committed 14412K, reserved 1048576K
}
Event: 14.596 GC heap after
{Heap after GC invocations=39 (full 0):
 garbage-first heap   total 284672K, used 184414K [0x0000000080000000, 0x0000000100000000)
  region size 1024K, 8 young (8192K), 8 survivors (8192K)
 Metaspace       used 104060K, capacity 106823K, committed 106916K, reserved 1142784K
  class space    used 13291K, capacity 14322K, committed 14412K, reserved 1048576K
}
Event: 15.263 GC heap before
{Heap before GC invocations=39 (full 0):
 garbage-first heap   total 284672K, used 236638K [0x0000000080000000, 0x0000000100000000)
  region size 1024K, 60 young (61440K), 8 survivors (8192K)
 Metaspace       used 105318K, capacity 108170K, committed 108324K, reserved 1142784K
  class space    used 13379K, capacity 14421K, committed 14540K, reserved 1048576K
}
Event: 15.276 GC heap after
{Heap after GC invocations=40 (full 0):
 garbage-first heap   total 284672K, used 188728K [0x0000000080000000, 0x0000000100000000)
  region size 1024K, 5 young (5120K), 5 survivors (5120K)
 Metaspace       used 105318K, capacity 108170K, committed 108324K, reserved 1142784K
  class space    used 13379K, capacity 14421K, committed 14540K, reserved 1048576K
}
Event: 15.873 GC heap before
{Heap before GC invocations=41 (full 0):
 garbage-first heap   total 284672K, used 238904K [0x0000000080000000, 0x0000000100000000)
  region size 1024K, 55 young (56320K), 5 survivors (5120K)
 Metaspace       used 107594K, capacity 110405K, committed 110628K, reserved 1144832K
  class space    used 13681K, capacity 14715K, committed 14796K, reserved 1048576K
}
Event: 15.880 GC heap after
{Heap after GC invocations=42 (full 0):
 garbage-first heap   total 284672K, used 190311K [0x0000000080000000, 0x0000000100000000)
  region size 1024K, 2 young (2048K), 2 survivors (2048K)
 Metaspace       used 107594K, capacity 110405K, committed 110628K, reserved 1144832K
  class space    used 13681K, capacity 14715K, committed 14796K, reserved 1048576K
}
Event: 16.368 GC heap before
{Heap before GC invocations=42 (full 0):
 garbage-first heap   total 284672K, used 242535K [0x0000000080000000, 0x0000000100000000)
  region size 1024K, 53 young (54272K), 2 survivors (2048K)
 Metaspace       used 111261K, capacity 114052K, committed 114340K, reserved 1148928K
  class space    used 14095K, capacity 15139K, committed 15180K, reserved 1048576K
}
Event: 16.376 GC heap after
{Heap after GC invocations=43 (full 0):
 garbage-first heap   total 284672K, used 192403K [0x0000000080000000, 0x0000000100000000)
  region size 1024K, 4 young (4096K), 4 survivors (4096K)
 Metaspace       used 111261K, capacity 114052K, committed 114340K, reserved 1148928K
  class space    used 14095K, capacity 15139K, committed 15180K, reserved 1048576K
}

Deoptimization events (20 events):
Event: 15.307 Thread 0x0000014253816000 DEOPT PACKING pc=0x000001423d36c679 sp=0x000000182e7fa690
Event: 15.307 Thread 0x0000014253816000 DEOPT UNPACKING pc=0x000001423b4fa95e sp=0x000000182e7f9bf8 mode 0
Event: 15.309 Thread 0x0000014253816000 DEOPT PACKING pc=0x000001423d370247 sp=0x000000182e7fa6d0
Event: 15.309 Thread 0x0000014253816000 DEOPT UNPACKING pc=0x000001423b4fa95e sp=0x000000182e7f9c50 mode 0
Event: 15.318 Thread 0x0000014253816000 DEOPT PACKING pc=0x000001423d378a28 sp=0x000000182e7fa7f0
Event: 15.318 Thread 0x0000014253816000 DEOPT UNPACKING pc=0x000001423b4fa95e sp=0x000000182e7f9db8 mode 0
Event: 15.741 Thread 0x0000014253816000 Uncommon trap: trap_request=0xffffff4d fr.pc=0x00000142434ddfb8 relative=0x00000000000009b8
Event: 15.741 Thread 0x0000014253816000 Uncommon trap: reason=unstable_if action=reinterpret pc=0x00000142434ddfb8 method=java.util.jar.JarFile.getVersionedEntry(Ljava/lang/String;Ljava/util/jar/JarEntry;)Ljava/util/jar/JarEntry; @ 7 c2
Event: 15.741 Thread 0x0000014253816000 DEOPT PACKING pc=0x00000142434ddfb8 sp=0x000000182e7f6880
Event: 15.741 Thread 0x0000014253816000 DEOPT UNPACKING pc=0x000001423b4fa1af sp=0x000000182e7f6860 mode 2
Event: 16.139 Thread 0x0000014253816000 Uncommon trap: trap_request=0xffffff4d fr.pc=0x000001424363e34c relative=0x000000000000060c
Event: 16.139 Thread 0x0000014253816000 Uncommon trap: reason=unstable_if action=reinterpret pc=0x000001424363e34c method=java.lang.String.indexOf([BBILjava/lang/String;I)I @ 54 c2
Event: 16.139 Thread 0x0000014253816000 DEOPT PACKING pc=0x000001424363e34c sp=0x000000182e7f7700
Event: 16.140 Thread 0x0000014253816000 DEOPT UNPACKING pc=0x000001423b4fa1af sp=0x000000182e7f7668 mode 2
Event: 16.167 Thread 0x0000014253816000 Uncommon trap: trap_request=0xffffff4d fr.pc=0x00000142432562d4 relative=0x0000000000000234
Event: 16.167 Thread 0x0000014253816000 Uncommon trap: reason=unstable_if action=reinterpret pc=0x00000142432562d4 method=java.io.ByteArrayInputStream.read()I @ 8 c2
Event: 16.167 Thread 0x0000014253816000 DEOPT PACKING pc=0x00000142432562d4 sp=0x000000182e7f8e80
Event: 16.167 Thread 0x0000014253816000 DEOPT UNPACKING pc=0x000001423b4fa1af sp=0x000000182e7f8e38 mode 2
Event: 16.365 Thread 0x0000014253816000 DEOPT PACKING pc=0x000001423d53aeb4 sp=0x000000182e7f9020
Event: 16.365 Thread 0x0000014253816000 DEOPT UNPACKING pc=0x000001423b4fa95e sp=0x000000182e7f8608 mode 0

Classes redefined (0 events):
No events

Internal exceptions (20 events):
Event: 12.737 Thread 0x0000014253816000 Exception <a 'java/lang/NullPointerException'{0x000000008fa55528}> (0x000000008fa55528) thrown at [src/hotspot/share/interpreter/linkResolver.cpp, line 1440]
Event: 12.805 Thread 0x0000014253816000 Implicit null exception at 0x0000014243414a2c to 0x0000014243416364
Event: 13.012 Thread 0x0000014253816000 Exception <a 'sun/nio/fs/WindowsException'{0x000000008e670cb8}> (0x000000008e670cb8) thrown at [src/hotspot/share/prims/jni.cpp, line 617]
Event: 13.012 Thread 0x0000014253816000 Exception <a 'sun/nio/fs/WindowsException'{0x000000008e672060}> (0x000000008e672060) thrown at [src/hotspot/share/prims/jni.cpp, line 617]
Event: 13.012 Thread 0x0000014253816000 Exception <a 'sun/nio/fs/WindowsException'{0x000000008e673458}> (0x000000008e673458) thrown at [src/hotspot/share/prims/jni.cpp, line 617]
Event: 13.012 Thread 0x0000014253816000 Exception <a 'sun/nio/fs/WindowsException'{0x000000008e674850}> (0x000000008e674850) thrown at [src/hotspot/share/prims/jni.cpp, line 617]
Event: 13.093 Thread 0x0000014253816000 Exception <a 'java/lang/NoSuchMethodError'{0x000000008e06dcd0}: 'java.lang.Object java.lang.invoke.DirectMethodHandle$Holder.invokeStatic(java.lang.Object, java.lang.Object, java.lang.Object, java.lang.Object, java.lang.Object, java.lang.Object, int)'> (0x000000008e06dcd0) thrown at [src/hotspot/share/interpreter/linkResolver.cpp, line 773]
Event: 13.095 Thread 0x0000014253816000 Exception <a 'java/lang/NoSuchMethodError'{0x000000008e085e50}: 'java.lang.Object java.lang.invoke.DirectMethodHandle$Holder.invokeStatic(java.lang.Object, java.lang.Object, java.lang.Object, java.lang.Object, java.lang.Object, java.lang.Object, int, int)'> (0x000000008e085e50) thrown at [src/hotspot/share/interpreter/linkResolver.cpp, line 773]
Event: 13.096 Thread 0x0000014253816000 Exception <a 'java/lang/NoSuchMethodError'{0x000000008e09e6b0}: 'java.lang.Object java.lang.invoke.DirectMethodHandle$Holder.invokeStatic(java.lang.Object, java.lang.Object, java.lang.Object, java.lang.Object, java.lang.Object, java.lang.Object, int, int, java.lang.Object)'> (0x000000008e09e6b0) thrown at [src/hotspot/share/interpreter/linkResolver.cpp, line 773]
Event: 13.259 Thread 0x0000014253816000 Exception <a 'java/lang/NoSuchMethodError'{0x0000000090af62f8}: 'int java.lang.invoke.DirectMethodHandle$Holder.invokeSpecialIFC(java.lang.Object, java.lang.Object, java.lang.Object)'> (0x0000000090af62f8) thrown at [src/hotspot/share/interpreter/linkResolver.cpp, line 773]
Event: 13.303 Thread 0x0000014253816000 Exception <a 'java/lang/NoSuchMethodError'{0x00000000906709f0}: 'java.lang.Object java.lang.invoke.DirectMethodHandle$Holder.invokeStatic(java.lang.Object, java.lang.Object, java.lang.Object, java.lang.Object, int, java.lang.Object)'> (0x00000000906709f0) thrown at [src/hotspot/share/interpreter/linkResolver.cpp, line 773]
Event: 13.303 Thread 0x0000014253816000 Exception <a 'java/lang/NoSuchMethodError'{0x00000000906752c0}: 'java.lang.Object java.lang.invoke.DirectMethodHandle$Holder.invokeSpecial(java.lang.Object, java.lang.Object, java.lang.Object, java.lang.Object, java.lang.Object, int, java.lang.Object)'> (0x00000000906752c0) thrown at [src/hotspot/share/interpreter/linkResolver.cpp, line 773]
Event: 13.304 Thread 0x0000014253816000 Exception <a 'java/lang/NoSuchMethodError'{0x0000000090679550}: 'java.lang.Object java.lang.invoke.Invokers$Holder.linkToTargetMethod(java.lang.Object, java.lang.Object, java.lang.Object, int, java.lang.Object, java.lang.Object)'> (0x0000000090679550) thrown at [src/hotspot/share/interpreter/linkResolver.cpp, line 773]
Event: 13.475 Thread 0x0000014253816000 Exception <a 'java/lang/NoSuchMethodError'{0x000000008f7b5bb0}: 'void java.lang.invoke.DirectMethodHandle$Holder.invokeStatic(java.lang.Object, java.lang.Object, java.lang.Object, java.lang.Object, int, java.lang.Object, java.lang.Object)'> (0x000000008f7b5bb0) thrown at [src/hotspot/share/interpreter/linkResolver.cpp, line 773]
Event: 13.494 Thread 0x0000014253816000 Exception <a 'java/lang/IncompatibleClassChangeError'{0x000000008f567210}: Found class java.lang.Object, but interface was expected> (0x000000008f567210) thrown at [src/hotspot/share/interpreter/linkResolver.cpp, line 839]
Event: 13.525 Thread 0x0000014256f32800 Exception <a 'java/lang/IncompatibleClassChangeError'{0x000000008f38cee0}: Found class java.lang.Object, but interface was expected> (0x000000008f38cee0) thrown at [src/hotspot/share/interpreter/linkResolver.cpp, line 839]
Event: 13.540 Thread 0x0000014256f32800 Exception <a 'java/lang/NoSuchMethodError'{0x000000008f14c668}: 'int java.lang.invoke.DirectMethodHandle$Holder.invokeStaticInit(java.lang.Object, java.lang.Object, java.lang.Object, java.lang.Object, java.lang.Object)'> (0x000000008f14c668) thrown at [src/hotspot/share/interpreter/linkResolver.cpp, line 773]
Event: 14.185 Thread 0x0000014256f34000 Exception <a 'java/lang/NoSuchMethodError'{0x0000000090409218}: 'java.lang.Object java.lang.invoke.DirectMethodHandle$Holder.invokeSpecialIFC(java.lang.Object, java.lang.Object, java.lang.Object)'> (0x0000000090409218) thrown at [src/hotspot/share/interpreter/linkResolver.cpp, line 773]
Event: 14.758 Thread 0x0000014256f35000 Implicit null exception at 0x000001424360329f to 0x00000142436039dc
Event: 14.835 Thread 0x0000014256f3e000 Implicit null exception at 0x000001424360c15b to 0x000001424360c1f0

Events (20 events):
Event: 16.402 loading class org/jetbrains/kotlin/gradle/plugin/sources/UnsatisfiedSourceSetVisibilityException
Event: 16.402 loading class org/jetbrains/kotlin/gradle/plugin/sources/UnsatisfiedSourceSetVisibilityException done
Event: 16.403 loading class org/jetbrains/kotlin/idea/gradleTooling/KotlinTasksPropertyUtilsKt
Event: 16.403 loading class org/jetbrains/kotlin/idea/gradleTooling/KotlinTasksPropertyUtilsKt done
Event: 16.405 loading class org/jetbrains/kotlin/idea/gradleTooling/KotlinTaskPropertiesImpl
Event: 16.405 loading class org/jetbrains/kotlin/idea/gradleTooling/KotlinTaskPropertiesImpl done
Event: 16.405 loading class org/jetbrains/kotlin/idea/projectModel/KotlinTaskProperties
Event: 16.405 loading class org/jetbrains/kotlin/idea/projectModel/KotlinTaskProperties done
Event: 16.406 loading class org/gradle/api/internal/FactoryNamedDomainObjectContainer
Event: 16.406 loading class org/gradle/api/internal/FactoryNamedDomainObjectContainer done
Event: 16.407 loading class org/jetbrains/kotlin/tooling/core/KotlinToolingVersion
Event: 16.407 loading class org/jetbrains/kotlin/tooling/core/KotlinToolingVersion done
Event: 16.408 loading class org/gradle/api/tasks/compile/AbstractCompile
Event: 16.408 loading class org/gradle/api/tasks/compile/AbstractCompile done
Event: 16.472 loading class com/android/build/gradle/internal/dependency/ArtifactCollectionWithExtraArtifact$TestedComponentIdentifierImpl
Event: 16.472 loading class com/android/build/gradle/internal/dependency/ArtifactCollectionWithExtraArtifact$TestedComponentIdentifierImpl done
Event: 16.472 loading class com/android/build/gradle/internal/dependency/ArtifactCollectionWithExtraArtifact$ExtraResolvedArtifactResult
Event: 16.472 loading class com/android/build/gradle/internal/dependency/ArtifactCollectionWithExtraArtifact$ExtraResolvedArtifactResult done
Event: 16.473 Executing VM operation: Deoptimize
Event: 16.474 Executing VM operation: Deoptimize done


Dynamic libraries:
0x00007ff793de0000 - 0x00007ff793dea000 	C:\Program Files\Android\Android Studio\jbr\bin\java.exe
0x00007ffa66cf0000 - 0x00007ffa66ee8000 	C:\Windows\SYSTEM32\ntdll.dll
0x00007ffa651e0000 - 0x00007ffa6529f000 	C:\Windows\System32\KERNEL32.DLL
0x00007ffa64a50000 - 0x00007ffa64d22000 	C:\Windows\System32\KERNELBASE.dll
0x00007ffa646f0000 - 0x00007ffa647f0000 	C:\Windows\System32\ucrtbase.dll
0x00007ffa47390000 - 0x00007ffa473a7000 	C:\Program Files\Android\Android Studio\jbr\bin\jli.dll
0x00007ffa5d990000 - 0x00007ffa5d9ab000 	C:\Program Files\Android\Android Studio\jbr\bin\VCRUNTIME140.dll
0x00007ffa653d0000 - 0x00007ffa65571000 	C:\Windows\System32\USER32.dll
0x00007ffa64a20000 - 0x00007ffa64a42000 	C:\Windows\System32\win32u.dll
0x00007ffa4e490000 - 0x00007ffa4e72a000 	C:\Windows\WinSxS\amd64_microsoft.windows.common-controls_6595b64144ccf1df_6.0.19041.1110_none_60b5254171f9507e\COMCTL32.dll
0x00007ffa65610000 - 0x00007ffa6563b000 	C:\Windows\System32\GDI32.dll
0x00007ffa66ab0000 - 0x00007ffa66b4e000 	C:\Windows\System32\msvcrt.dll
0x00007ffa648a0000 - 0x00007ffa649af000 	C:\Windows\System32\gdi32full.dll
0x00007ffa64650000 - 0x00007ffa646ed000 	C:\Windows\System32\msvcp_win.dll
0x00007ffa66b50000 - 0x00007ffa66b82000 	C:\Windows\System32\IMM32.DLL
0x00007ffa46000000 - 0x00007ffa4608d000 	C:\Program Files\Android\Android Studio\jbr\bin\msvcp140.dll
0x00007ffa50140000 - 0x00007ffa5014c000 	C:\Windows\SYSTEM32\VCRUNTIME140_1.dll
0x00007ffa09a00000 - 0x00007ffa0a5bc000 	C:\Program Files\Android\Android Studio\jbr\bin\server\jvm.dll
0x00007ffa66720000 - 0x00007ffa667ce000 	C:\Windows\System32\ADVAPI32.dll
0x00007ffa664b0000 - 0x00007ffa6654c000 	C:\Windows\System32\sechost.dll
0x00007ffa652a0000 - 0x00007ffa653c5000 	C:\Windows\System32\RPCRT4.dll
0x00007ffa664a0000 - 0x00007ffa664a8000 	C:\Windows\System32\PSAPI.DLL
0x00007ffa50510000 - 0x00007ffa50519000 	C:\Windows\SYSTEM32\WSOCK32.dll
0x00007ffa5a290000 - 0x00007ffa5a2b7000 	C:\Windows\SYSTEM32\WINMM.dll
0x00007ffa666b0000 - 0x00007ffa6671b000 	C:\Windows\System32\WS2_32.dll
0x00007ffa5e2b0000 - 0x00007ffa5e2ba000 	C:\Windows\SYSTEM32\VERSION.dll
0x00007ffa622c0000 - 0x00007ffa622d2000 	C:\Windows\SYSTEM32\kernel.appcore.dll
0x00007ffa4fbf0000 - 0x00007ffa4fc00000 	C:\Program Files\Android\Android Studio\jbr\bin\verify.dll
0x00007ffa50580000 - 0x00007ffa50764000 	C:\Windows\SYSTEM32\DBGHELP.DLL
0x00007ffa504d0000 - 0x00007ffa50505000 	C:\Windows\SYSTEM32\dbgcore.DLL
0x00007ffa64430000 - 0x00007ffa644b2000 	C:\Windows\System32\bcryptPrimitives.dll
0x00007ffa4fa80000 - 0x00007ffa4faa8000 	C:\Program Files\Android\Android Studio\jbr\bin\java.dll
0x00007ffa4fbe0000 - 0x00007ffa4fbea000 	C:\Program Files\Android\Android Studio\jbr\bin\jimage.dll
0x00007ffa4fa60000 - 0x00007ffa4fa78000 	C:\Program Files\Android\Android Studio\jbr\bin\zip.dll
0x00007ffa65d50000 - 0x00007ffa66494000 	C:\Windows\System32\SHELL32.dll
0x00007ffa624c0000 - 0x00007ffa62c52000 	C:\Windows\SYSTEM32\windows.storage.dll
0x00007ffa64d30000 - 0x00007ffa65085000 	C:\Windows\System32\combase.dll
0x00007ffa63d60000 - 0x00007ffa63d90000 	C:\Windows\SYSTEM32\Wldp.dll
0x00007ffa66600000 - 0x00007ffa666ad000 	C:\Windows\System32\SHCORE.dll
0x00007ffa65ab0000 - 0x00007ffa65b05000 	C:\Windows\System32\shlwapi.dll
0x00007ffa64320000 - 0x00007ffa6433f000 	C:\Windows\SYSTEM32\profapi.dll
0x00007ffa4fa40000 - 0x00007ffa4fa59000 	C:\Program Files\Android\Android Studio\jbr\bin\net.dll
0x00007ffa5cf20000 - 0x00007ffa5d02c000 	C:\Windows\SYSTEM32\WINHTTP.dll
0x00007ffa63ac0000 - 0x00007ffa63b2a000 	C:\Windows\system32\mswsock.dll
0x00007ffa4fa20000 - 0x00007ffa4fa33000 	C:\Program Files\Android\Android Studio\jbr\bin\nio.dll
0x00007ffa44e10000 - 0x00007ffa44e37000 	C:\Users\Administrator\.gradle\native\e1d6ef7f7dcc3fd88c89a11ec53ec762bb8ba0a96d01ffa2cd45eb1d1d8dd5c5\windows-amd64\native-platform.dll
0x00007ffa45eb0000 - 0x00007ffa45ff4000 	C:\Users\Administrator\.gradle\native\0d407fdbe67a94daf76414ababcb853783967236a71b16ec16e742cd7a986fd3\windows-amd64\native-platform-file-events.dll
0x00007ffa4fa10000 - 0x00007ffa4fa1a000 	C:\Program Files\Android\Android Studio\jbr\bin\management.dll
0x00007ffa4fa00000 - 0x00007ffa4fa0b000 	C:\Program Files\Android\Android Studio\jbr\bin\management_ext.dll
0x00007ffa63cb0000 - 0x00007ffa63cc8000 	C:\Windows\SYSTEM32\CRYPTSP.dll
0x00007ffa633e0000 - 0x00007ffa63414000 	C:\Windows\system32\rsaenh.dll
0x00007ffa644c0000 - 0x00007ffa644e7000 	C:\Windows\System32\bcrypt.dll
0x00007ffa642a0000 - 0x00007ffa642ce000 	C:\Windows\SYSTEM32\USERENV.dll
0x00007ffa63cd0000 - 0x00007ffa63cdc000 	C:\Windows\SYSTEM32\CRYPTBASE.dll
0x00007ffa637b0000 - 0x00007ffa637eb000 	C:\Windows\SYSTEM32\IPHLPAPI.DLL
0x00007ffa667d0000 - 0x00007ffa667d8000 	C:\Windows\System32\NSI.dll
0x00007ffa5e430000 - 0x00007ffa5e447000 	C:\Windows\SYSTEM32\dhcpcsvc6.DLL
0x00007ffa5e410000 - 0x00007ffa5e42d000 	C:\Windows\SYSTEM32\dhcpcsvc.DLL
0x00007ffa637f0000 - 0x00007ffa638ba000 	C:\Windows\SYSTEM32\DNSAPI.dll
0x00007ffa4d5f0000 - 0x00007ffa4d617000 	C:\Program Files\Android\Android Studio\jbr\bin\sunec.dll
0x0000000051390000 - 0x00000000513b6000 	C:\Program Files\Bonjour\mdnsNSP.dll
0x00007ffa599f0000 - 0x00007ffa599fa000 	C:\Windows\System32\rasadhlp.dll
0x00007ffa59870000 - 0x00007ffa598f0000 	C:\Windows\System32\fwpuclnt.dll

dbghelp: loaded successfully - version: 4.0.5 - missing functions: none
symbol engine: initialized successfully - sym options: 0x614 - pdb path: .;C:\Program Files\Android\Android Studio\jbr\bin;C:\Windows\SYSTEM32;C:\Windows\WinSxS\amd64_microsoft.windows.common-controls_6595b64144ccf1df_6.0.19041.1110_none_60b5254171f9507e;C:\Program Files\Android\Android Studio\jbr\bin\server;C:\Users\Administrator\.gradle\native\e1d6ef7f7dcc3fd88c89a11ec53ec762bb8ba0a96d01ffa2cd45eb1d1d8dd5c5\windows-amd64;C:\Users\Administrator\.gradle\native\0d407fdbe67a94daf76414ababcb853783967236a71b16ec16e742cd7a986fd3\windows-amd64;C:\Program Files\Bonjour

VM Arguments:
jvm_args: --add-opens=java.base/java.util=ALL-UNNAMED --add-opens=java.base/java.lang=ALL-UNNAMED --add-opens=java.base/java.lang.invoke=ALL-UNNAMED --add-opens=java.base/java.util=ALL-UNNAMED --add-opens=java.prefs/java.util.prefs=ALL-UNNAMED --add-opens=java.prefs/java.util.prefs=ALL-UNNAMED --add-opens=java.base/java.nio.charset=ALL-UNNAMED --add-opens=java.base/java.net=ALL-UNNAMED --add-opens=java.base/java.util.concurrent.atomic=ALL-UNNAMED -Xmx2048m -Dfile.encoding=UTF-8 -Duser.country=US -Duser.language=en -Duser.variant 
java_command: org.gradle.launcher.daemon.bootstrap.GradleDaemon 7.5
java_class_path (initial): C:\Users\Administrator\.gradle\wrapper\dists\gradle-7.5-bin\f1w0cc9nuo0eivz97x2xlu9sv\gradle-7.5\lib\gradle-launcher-7.5.jar
Launcher Type: SUN_STANDARD

[Global flags]
     intx CICompilerCount                          = 3                                         {product} {ergonomic}
     uint ConcGCThreads                            = 1                                         {product} {ergonomic}
     uint G1ConcRefinementThreads                  = 4                                         {product} {ergonomic}
   size_t G1HeapRegionSize                         = 1048576                                   {product} {ergonomic}
    uintx GCDrainStackTargetSize                   = 64                                        {product} {ergonomic}
   size_t InitialHeapSize                          = 201326592                                 {product} {ergonomic}
   size_t MarkStackSize                            = 4194304                                   {product} {ergonomic}
   size_t MaxHeapSize                              = 2147483648                                {product} {command line}
   size_t MaxNewSize                               = 1287651328                                {product} {ergonomic}
   size_t MinHeapDeltaBytes                        = 1048576                                   {product} {ergonomic}
    uintx NonNMethodCodeHeapSize                   = 5830732                                {pd product} {ergonomic}
    uintx NonProfiledCodeHeapSize                  = 122913754                              {pd product} {ergonomic}
    uintx ProfiledCodeHeapSize                     = 122913754                              {pd product} {ergonomic}
    uintx ReservedCodeCacheSize                    = 251658240                              {pd product} {ergonomic}
     bool SegmentedCodeCache                       = true                                      {product} {ergonomic}
     bool UseCompressedClassPointers               = true                                 {lp64_product} {ergonomic}
     bool UseCompressedOops                        = true                                 {lp64_product} {ergonomic}
     bool UseG1GC                                  = true                                      {product} {ergonomic}
     bool UseLargePagesIndividualAllocation        = false                                  {pd product} {ergonomic}

Logging:
Log output configuration:
 #0: stdout all=warning uptime,level,tags
 #1: stderr all=off uptime,level,tags

Environment Variables:
PATH=C:\Program Files\Common Files\Oracle\Java\javapath;C:\Windows\system32;C:\Windows;C:\Windows\System32\Wbem;C:\Windows\System32\WindowsPowerShell\v1.0\;C:\Windows\System32\OpenSSH\;C:\Program Files\Git\cmd;C:\Program Files\nodejs\;C:\Users\Administrator\AppData\Local\Microsoft\WindowsApps;D:\Microsoft VS Code\bin;C:\Program Files\Java\jdk-19\bin;;C:\Program Files\JetBrains\IntelliJ IDEA Community Edition 2022.3.1\bin;;C:\Users\Administrator\AppData\Roaming\npm
USERNAME=Administrator
OS=Windows_NT
PROCESSOR_IDENTIFIER=Intel64 Family 6 Model 158 Stepping 9, GenuineIntel



---------------  S Y S T E M  ---------------

OS: Windows 10 , 64 bit Build 19041 (10.0.19041.2364)
OS uptime: 0 days 0:07 hours

CPU:total 4 (initial active 4) (2 cores per cpu, 2 threads per core) family 6 model 158 stepping 9 microcode 0xb4, cmov, cx8, fxsr, mmx, sse, sse2, sse3, ssse3, sse4.1, sse4.2, popcnt, avx, avx2, aes, clmul, erms, 3dnowpref, lzcnt, ht, tsc, tscinvbit, bmi1, bmi2, adx, fma

Memory: 4k page, system-wide physical 12246M (4616M free)
TotalPageFile size 17366M (AvailPageFile size 8721M)
current process WorkingSet (physical memory assigned to process): 607M, peak: 616M
current process commit charge ("private bytes"): 639M, peak: 647M

vm_info: OpenJDK 64-Bit Server VM (11.0.15+0-b2043.56-8887301) for windows-amd64 JRE (11.0.15+0-b2043.56-8887301), built on Jul 29 2022 23:19:47 by "builduser" with unknown MS VC++:1929

END.
